#
# There is insufficient memory for the Java Runtime Environment to continue.
# Native memory allocation (mmap) failed to map 4294967296 bytes for committing reserved memory.
# Possible reasons:
#   The system is out of physical RAM or swap space
#   The process is running with CompressedOops enabled, and the Java Heap may be blocking the growth of the native heap
# Possible solutions:
#   Reduce memory load on the system
#   Increase physical memory or swap space
#   Check if swap backing store is full
#   Decrease Java heap size (-Xmx/-Xms)
#   Decrease number of Java threads
#   Decrease Java thread stack sizes (-Xss)
#   Set larger code cache with -XX:ReservedCodeCacheSize=
# This output file may be truncated or incomplete.
#
#  Out of Memory Error (os_linux.cpp:2915), pid=30696, tid=30697
#
# JRE version:  (11.0.9+11) (build )
# Java VM: OpenJDK 64-Bit Server VM (11.0.9+11-LTS, mixed mode, sharing, tiered, compressed oops, g1 gc, linux-amd64)
# No core dump will be written. Core dumps have been disabled. To enable core dumping, try "ulimit -c unlimited" before starting Java again
#

---------------  S U M M A R Y ------------

Command Line: -Xmx4096M -Xms4096M -XX:+UseG1GC -XX:+ParallelRefProcEnabled -XX:MaxGCPauseMillis=200 -XX:+UnlockExperimentalVMOptions -XX:+DisableExplicitGC -XX:+AlwaysPreTouch -XX:G1NewSizePercent=30 -XX:G1MaxNewSizePercent=40 -XX:G1HeapRegionSize=8M -XX:G1ReservePercent=20 -XX:G1HeapWastePercent=5 -XX:G1MixedGCCountTarget=4 -XX:InitiatingHeapOccupancyPercent=15 -XX:G1MixedGCLiveThresholdPercent=90 -XX:G1RSetUpdatingPauseTimePercent=5 -XX:SurvivorRatio=32 -XX:+PerfDisableSharedMem -XX:MaxTenuringThreshold=1 -Dusing.aikars.flags=https://mcflags.emc.gs -Daikars.new.flags=true /home/minecraft/multicraft/servers/server81293/jar/paper-1.16.4.jar nogui

Host: Intel(R) Xeon(R) CPU E5-1650 v4 @ 3.60GHz, 12 cores, 125G, CentOS Linux release 7.9.2009 (Core)
Time: Wed Dec 16 09:29:33 2020 CET elapsed time: 0.052229 seconds (0d 0h 0m 0s)

---------------  T H R E A D  ---------------

Current thread (0x00007f4a8c014800):  JavaThread "Unknown thread" [_thread_in_vm, id=30697, stack(0x00007f4a95dee000,0x00007f4a95eef000)]

Stack: [0x00007f4a95dee000,0x00007f4a95eef000],  sp=0x00007f4a95eed1a0,  free space=1020k
Native frames: (J=compiled Java code, A=aot compiled Java code, j=interpreted, Vv=VM code, C=native code)
V  [libjvm.so+0xee1930]  VMError::report_and_die(int, char const*, char const*, __va_list_tag*, Thread*, unsigned char*, void*, void*, char const*, int, unsigned long)+0x230
V  [libjvm.so+0xee27f3]  VMError::report_and_die(Thread*, char const*, int, unsigned long, VMErrorType, char const*, __va_list_tag*)+0x43
V  [libjvm.so+0x6e5f00]  report_vm_out_of_memory(char const*, int, unsigned long, VMErrorType, char const*, ...)+0x110
V  [libjvm.so+0xc35a89]  os::pd_commit_memory_or_exit(char*, unsigned long, unsigned long, bool, char const*)+0xe9
V  [libjvm.so+0xc2c7fc]  os::commit_memory_or_exit(char*, unsigned long, unsigned long, bool, char const*)+0x2c
V  [libjvm.so+0x7f4c11]  G1PageBasedVirtualSpace::commit_preferred_pages(unsigned long, unsigned long)+0x71
V  [libjvm.so+0x7f4d65]  G1PageBasedVirtualSpace::commit_internal(unsigned long, unsigned long)+0x85
V  [libjvm.so+0x7f4f5a]  G1PageBasedVirtualSpace::commit(unsigned long, unsigned long)+0x10a
V  [libjvm.so+0x7fcb36]  G1RegionsLargerThanCommitSizeMapper::commit_regions(unsigned int, unsigned long, WorkGang*)+0x46
V  [libjvm.so+0x8698b8]  HeapRegionManager::commit_regions(unsigned int, unsigned long, WorkGang*)+0x88
V  [libjvm.so+0x86a414]  HeapRegionManager::make_regions_available(unsigned int, unsigned int, WorkGang*)+0x34
V  [libjvm.so+0x86a959]  HeapRegionManager::expand_by(unsigned int, WorkGang*)+0x99
V  [libjvm.so+0x7b56a0]  G1CollectedHeap::expand(unsigned long, WorkGang*, double*)+0xc0
V  [libjvm.so+0x7b5da5]  G1CollectedHeap::initialize()+0x6a5
V  [libjvm.so+0xea2d51]  Universe::initialize_heap()+0x41
V  [libjvm.so+0xea3010]  universe_init()+0x50
V  [libjvm.so+0x886faa]  init_globals()+0x6a
V  [libjvm.so+0xe77e8b]  Threads::create_vm(JavaVMInitArgs*, bool*)+0x51b
V  [libjvm.so+0x932f0e]  JNI_CreateJavaVM+0x5e
C  [libjli.so+0x49ef]  JavaMain+0x9f


---------------  P R O C E S S  ---------------

Threads class SMR info:
_java_thread_list=0x00005594df99ee60, length=0, elements={
}

Java Threads: ( => current thread )

Other Threads:
  0x00007f4a8c02d000 GCTaskThread "GC Thread#0" [stack: 0x00007f4a92603000,0x00007f4a92703000] [id=30698]
  0x00007f4a8c05a800 ConcurrentGCThread "G1 Main Marker" [stack: 0x00007f4a902f7000,0x00007f4a903f7000] [id=30700]
  0x00007f4a8c05c800 ConcurrentGCThread "G1 Conc#0" [stack: 0x00007f4a901f5000,0x00007f4a902f5000] [id=30701]

[error occurred during error reporting (printing all threads), id 0xb, SIGSEGV (0xb) at pc=0x00007f4a9431f015]

VM state:not at safepoint (not fully initialized)

VM Mutex/Monitor currently owned by a thread:  ([mutex/lock_event])
[0x00007f4a8c0134b0] Heap_lock - owner thread: 0x00007f4a8c014800

Heap address: 0x0000000700000000, size: 4096 MB, Compressed Oops mode: Non-zero based: 0x0000000700000000
Narrow klass base: 0x0000000000000000, Narrow klass shift: 0

GC Heap History (0 events):
No events

Deoptimization events (0 events):
No events

Classes redefined (0 events):
No events

Internal exceptions (0 events):
No events

Events (2 events):
Event: 0.015 Protecting memory [0x00007f4a95dee000,0x00007f4a95df2000] with protection modes 0
Event: 0.018 Loaded shared library /usr/lib/jvm/java-11-openjdk-11.0.9.11-0.el7_9.x86_64/lib/libzip.so


Dynamic libraries:
5594df796000-5594df797000 r-xp 00000000 09:02 14683585                   /usr/lib/jvm/java-11-openjdk-11.0.9.11-0.el7_9.x86_64/bin/java
5594df997000-5594df998000 r--p 00001000 09:02 14683585                   /usr/lib/jvm/java-11-openjdk-11.0.9.11-0.el7_9.x86_64/bin/java
5594df998000-5594df999000 rw-p 00002000 09:02 14683585                   /usr/lib/jvm/java-11-openjdk-11.0.9.11-0.el7_9.x86_64/bin/java
5594df999000-5594df9ba000 rw-p 00000000 00:00 0                          [heap]
7f4a5db40000-7f4a60000000 rw-p 00000000 00:00 0 
7f4a60000000-7f4a60021000 rw-p 00000000 00:00 0 
7f4a60021000-7f4a64000000 ---p 00000000 00:00 0 
7f4a64000000-7f4a64021000 rw-p 00000000 00:00 0 
7f4a64021000-7f4a70000000 ---p 00000000 00:00 0 
7f4a70000000-7f4a70021000 rw-p 00000000 00:00 0 
7f4a70021000-7f4a74000000 ---p 00000000 00:00 0 
7f4a7409b000-7f4a748a3000 rw-p 00000000 00:00 0 
7f4a748a3000-7f4a74b13000 rwxp 00000000 00:00 0 
7f4a74b13000-7f4a74e34000 ---p 00000000 00:00 0 
7f4a74e34000-7f4a750a4000 rwxp 00000000 00:00 0 
7f4a750a4000-7f4a7c36b000 ---p 00000000 00:00 0 
7f4a7c36b000-7f4a7c5db000 rwxp 00000000 00:00 0 
7f4a7c5db000-7f4a838a3000 ---p 00000000 00:00 0 
7f4a838a3000-7f4a8c000000 r--s 00000000 09:02 14685219                   /usr/lib/jvm/java-11-openjdk-11.0.9.11-0.el7_9.x86_64/lib/modules
7f4a8c000000-7f4a8c092000 rw-p 00000000 00:00 0 
7f4a8c092000-7f4a90000000 ---p 00000000 00:00 0 
7f4a900f2000-7f4a901f3000 rw-p 00000000 00:00 0 
7f4a901f3000-7f4a901f4000 ---p 00000000 00:00 0 
7f4a901f4000-7f4a902f5000 rw-p 00000000 00:00 0 
7f4a902f5000-7f4a902f6000 ---p 00000000 00:00 0 
7f4a902f6000-7f4a903f7000 rw-p 00000000 00:00 0 
7f4a903f7000-7f4a91bf7000 ---p 00000000 00:00 0 
7f4a91bf7000-7f4a92601000 rw-p 00000000 00:00 0 
7f4a92601000-7f4a92602000 ---p 00000000 00:00 0 
7f4a92602000-7f4a92708000 rw-p 00000000 00:00 0 
7f4a92708000-7f4a927ee000 ---p 00000000 00:00 0 
7f4a927ee000-7f4a927f3000 rw-p 00000000 00:00 0 
7f4a927f3000-7f4a928d9000 ---p 00000000 00:00 0 
7f4a928d9000-7f4a928e0000 r-xp 00000000 09:02 14685217                   /usr/lib/jvm/java-11-openjdk-11.0.9.11-0.el7_9.x86_64/lib/libzip.so
7f4a928e0000-7f4a92ae0000 ---p 00007000 09:02 14685217                   /usr/lib/jvm/java-11-openjdk-11.0.9.11-0.el7_9.x86_64/lib/libzip.so
7f4a92ae0000-7f4a92ae1000 r--p 00007000 09:02 14685217                   /usr/lib/jvm/java-11-openjdk-11.0.9.11-0.el7_9.x86_64/lib/libzip.so
7f4a92ae1000-7f4a92ae2000 rw-p 00000000 00:00 0 
7f4a92ae2000-7f4a92ae7000 r-xp 00000000 09:02 14685194                   /usr/lib/jvm/java-11-openjdk-11.0.9.11-0.el7_9.x86_64/lib/libjimage.so
7f4a92ae7000-7f4a92ce7000 ---p 00005000 09:02 14685194                   /usr/lib/jvm/java-11-openjdk-11.0.9.11-0.el7_9.x86_64/lib/libjimage.so
7f4a92ce7000-7f4a92ce8000 r--p 00005000 09:02 14685194                   /usr/lib/jvm/java-11-openjdk-11.0.9.11-0.el7_9.x86_64/lib/libjimage.so
7f4a92ce8000-7f4a92ce9000 rw-p 00006000 09:02 14685194                   /usr/lib/jvm/java-11-openjdk-11.0.9.11-0.el7_9.x86_64/lib/libjimage.so
7f4a92ce9000-7f4a92d13000 r-xp 00000000 09:02 14685191                   /usr/lib/jvm/java-11-openjdk-11.0.9.11-0.el7_9.x86_64/lib/libjava.so
7f4a92d13000-7f4a92f12000 ---p 0002a000 09:02 14685191                   /usr/lib/jvm/java-11-openjdk-11.0.9.11-0.el7_9.x86_64/lib/libjava.so
7f4a92f12000-7f4a92f13000 r--p 00029000 09:02 14685191                   /usr/lib/jvm/java-11-openjdk-11.0.9.11-0.el7_9.x86_64/lib/libjava.so
7f4a92f13000-7f4a92f14000 rw-p 0002a000 09:02 14685191                   /usr/lib/jvm/java-11-openjdk-11.0.9.11-0.el7_9.x86_64/lib/libjava.so
7f4a92f14000-7f4a92f15000 rw-p 00000000 00:00 0 
7f4a92f15000-7f4a92f22000 r-xp 00000000 09:02 14685215                   /usr/lib/jvm/java-11-openjdk-11.0.9.11-0.el7_9.x86_64/lib/libverify.so
7f4a92f22000-7f4a93122000 ---p 0000d000 09:02 14685215                   /usr/lib/jvm/java-11-openjdk-11.0.9.11-0.el7_9.x86_64/lib/libverify.so
7f4a93122000-7f4a93124000 r--p 0000d000 09:02 14685215                   /usr/lib/jvm/java-11-openjdk-11.0.9.11-0.el7_9.x86_64/lib/libverify.so
7f4a93124000-7f4a93125000 rw-p 00000000 00:00 0 
7f4a93125000-7f4a9312c000 r-xp 00000000 09:02 14946850                   /usr/lib64/librt-2.17.so
7f4a9312c000-7f4a9332b000 ---p 00007000 09:02 14946850                   /usr/lib64/librt-2.17.so
7f4a9332b000-7f4a9332c000 r--p 00006000 09:02 14946850                   /usr/lib64/librt-2.17.so
7f4a9332c000-7f4a9332d000 rw-p 00007000 09:02 14946850                   /usr/lib64/librt-2.17.so
7f4a9332d000-7f4a93342000 r-xp 00000000 09:02 14947341                   /usr/lib64/libgcc_s-4.8.5-20150702.so.1
7f4a93342000-7f4a93541000 ---p 00015000 09:02 14947341                   /usr/lib64/libgcc_s-4.8.5-20150702.so.1
7f4a93541000-7f4a93542000 r--p 00014000 09:02 14947341                   /usr/lib64/libgcc_s-4.8.5-20150702.so.1
7f4a93542000-7f4a93543000 rw-p 00015000 09:02 14947341                   /usr/lib64/libgcc_s-4.8.5-20150702.so.1
7f4a93543000-7f4a93644000 r-xp 00000000 09:02 14946844                   /usr/lib64/libm-2.17.so
7f4a93644000-7f4a93843000 ---p 00101000 09:02 14946844                   /usr/lib64/libm-2.17.so
7f4a93843000-7f4a93844000 r--p 00100000 09:02 14946844                   /usr/lib64/libm-2.17.so
7f4a93844000-7f4a93845000 rw-p 00101000 09:02 14946844                   /usr/lib64/libm-2.17.so
7f4a93845000-7f4a9392e000 r-xp 00000000 09:02 14945201                   /usr/lib64/libstdc++.so.6.0.19
7f4a9392e000-7f4a93b2e000 ---p 000e9000 09:02 14945201                   /usr/lib64/libstdc++.so.6.0.19
7f4a93b2e000-7f4a93b36000 r--p 000e9000 09:02 14945201                   /usr/lib64/libstdc++.so.6.0.19
7f4a93b36000-7f4a93b38000 rw-p 000f1000 09:02 14945201                   /usr/lib64/libstdc++.so.6.0.19
7f4a93b38000-7f4a93b4d000 rw-p 00000000 00:00 0 
7f4a93b4d000-7f4a94d62000 r-xp 00000000 09:02 14685234                   /usr/lib/jvm/java-11-openjdk-11.0.9.11-0.el7_9.x86_64/lib/server/libjvm.so
7f4a94d62000-7f4a94f62000 ---p 01215000 09:02 14685234                   /usr/lib/jvm/java-11-openjdk-11.0.9.11-0.el7_9.x86_64/lib/server/libjvm.so
7f4a94f62000-7f4a95033000 r--p 01215000 09:02 14685234                   /usr/lib/jvm/java-11-openjdk-11.0.9.11-0.el7_9.x86_64/lib/server/libjvm.so
7f4a95033000-7f4a9506e000 rw-p 012e6000 09:02 14685234                   /usr/lib/jvm/java-11-openjdk-11.0.9.11-0.el7_9.x86_64/lib/server/libjvm.so
7f4a9506e000-7f4a950c8000 rw-p 00000000 00:00 0 
7f4a950c8000-7f4a9528c000 r-xp 00000000 09:02 14942633                   /usr/lib64/libc-2.17.so
7f4a9528c000-7f4a9548b000 ---p 001c4000 09:02 14942633                   /usr/lib64/libc-2.17.so
7f4a9548b000-7f4a9548f000 r--p 001c3000 09:02 14942633                   /usr/lib64/libc-2.17.so
7f4a9548f000-7f4a95491000 rw-p 001c7000 09:02 14942633                   /usr/lib64/libc-2.17.so
7f4a95491000-7f4a95496000 rw-p 00000000 00:00 0 
7f4a95496000-7f4a95498000 r-xp 00000000 09:02 14946843                   /usr/lib64/libdl-2.17.so
7f4a95498000-7f4a95698000 ---p 00002000 09:02 14946843                   /usr/lib64/libdl-2.17.so
7f4a95698000-7f4a95699000 r--p 00002000 09:02 14946843                   /usr/lib64/libdl-2.17.so
7f4a95699000-7f4a9569a000 rw-p 00003000 09:02 14946843                   /usr/lib64/libdl-2.17.so
7f4a9569a000-7f4a956aa000 r-xp 00000000 09:02 14685169                   /usr/lib/jvm/java-11-openjdk-11.0.9.11-0.el7_9.x86_64/lib/jli/libjli.so
7f4a956aa000-7f4a958a9000 ---p 00010000 09:02 14685169                   /usr/lib/jvm/java-11-openjdk-11.0.9.11-0.el7_9.x86_64/lib/jli/libjli.so
7f4a958a9000-7f4a958aa000 r--p 0000f000 09:02 14685169                   /usr/lib/jvm/java-11-openjdk-11.0.9.11-0.el7_9.x86_64/lib/jli/libjli.so
7f4a958aa000-7f4a958ab000 rw-p 00010000 09:02 14685169                   /usr/lib/jvm/java-11-openjdk-11.0.9.11-0.el7_9.x86_64/lib/jli/libjli.so
7f4a958ab000-7f4a958c2000 r-xp 00000000 09:02 14945762                   /usr/lib64/libpthread-2.17.so
7f4a958c2000-7f4a95ac1000 ---p 00017000 09:02 14945762                   /usr/lib64/libpthread-2.17.so
7f4a95ac1000-7f4a95ac2000 r--p 00016000 09:02 14945762                   /usr/lib64/libpthread-2.17.so
7f4a95ac2000-7f4a95ac3000 rw-p 00017000 09:02 14945762                   /usr/lib64/libpthread-2.17.so
7f4a95ac3000-7f4a95ac7000 rw-p 00000000 00:00 0 
7f4a95ac7000-7f4a95adc000 r-xp 00000000 09:02 14942469                   /usr/lib64/libz.so.1.2.7
7f4a95adc000-7f4a95cdb000 ---p 00015000 09:02 14942469                   /usr/lib64/libz.so.1.2.7
7f4a95cdb000-7f4a95cdc000 r--p 00014000 09:02 14942469                   /usr/lib64/libz.so.1.2.7
7f4a95cdc000-7f4a95cdd000 rw-p 00015000 09:02 14942469                   /usr/lib64/libz.so.1.2.7
7f4a95cdd000-7f4a95cff000 r-xp 00000000 09:02 14946260                   /usr/lib64/ld-2.17.so
7f4a95db8000-7f4a95ddf000 rw-p 00000000 00:00 0 
7f4a95ddf000-7f4a95de6000 ---p 00000000 00:00 0 
7f4a95de6000-7f4a95dee000 rw-p 00000000 00:00 0 
7f4a95dee000-7f4a95df2000 ---p 00000000 00:00 0 
7f4a95df2000-7f4a95ef4000 rw-p 00000000 00:00 0 
7f4a95ef9000-7f4a95efb000 rw-p 00000000 00:00 0 
7f4a95efb000-7f4a95efc000 ---p 00000000 00:00 0 
7f4a95efc000-7f4a95efd000 r--p 00000000 00:00 0 
7f4a95efd000-7f4a95efe000 rw-p 00000000 00:00 0 
7f4a95efe000-7f4a95eff000 r--p 00021000 09:02 14946260                   /usr/lib64/ld-2.17.so
7f4a95eff000-7f4a95f00000 rw-p 00022000 09:02 14946260                   /usr/lib64/ld-2.17.so
7f4a95f00000-7f4a95f01000 rw-p 00000000 00:00 0 
7ffe04e61000-7ffe04e82000 rw-p 00000000 00:00 0                          [stack]
7ffe04f99000-7ffe04f9c000 r--p 00000000 00:00 0                          [vvar]
7ffe04f9c000-7ffe04f9e000 r-xp 00000000 00:00 0                          [vdso]
ffffffffff600000-ffffffffff601000 r-xp 00000000 00:00 0                  [vsyscall]


VM Arguments:
jvm_args: -Xmx4096M -Xms4096M -XX:+UseG1GC -XX:+ParallelRefProcEnabled -XX:MaxGCPauseMillis=200 -XX:+UnlockExperimentalVMOptions -XX:+DisableExplicitGC -XX:+AlwaysPreTouch -XX:G1NewSizePercent=30 -XX:G1MaxNewSizePercent=40 -XX:G1HeapRegionSize=8M -XX:G1ReservePercent=20 -XX:G1HeapWastePercent=5 -XX:G1MixedGCCountTarget=4 -XX:InitiatingHeapOccupancyPercent=15 -XX:G1MixedGCLiveThresholdPercent=90 -XX:G1RSetUpdatingPauseTimePercent=5 -XX:SurvivorRatio=32 -XX:+PerfDisableSharedMem -XX:MaxTenuringThreshold=1 -Dusing.aikars.flags=https://mcflags.emc.gs -Daikars.new.flags=true 
java_command: /home/minecraft/multicraft/servers/server81293/jar/paper-1.16.4.jar nogui
java_class_path (initial): /home/minecraft/multicraft/servers/server81293/jar/paper-1.16.4.jar
Launcher Type: SUN_STANDARD

[Global flags]
     bool AlwaysPreTouch                           = true                                      {product} {command line}
     bool AlwaysTenure                             = false                                     {product} {command line}
     intx CICompilerCount                          = 4                                         {product} {ergonomic}
     uint ConcGCThreads                            = 3                                         {product} {ergonomic}
     bool DisableExplicitGC                        = true                                      {product} {command line}
     uint G1ConcRefinementThreads                  = 10                                        {product} {ergonomic}
   size_t G1HeapRegionSize                         = 8388608                                   {product} {command line}
    uintx G1HeapWastePercent                       = 5                                         {product} {command line}
    uintx G1MaxNewSizePercent                      = 40                                   {experimental} {command line}
    uintx G1MixedGCCountTarget                     = 4                                         {product} {command line}
    uintx G1MixedGCLiveThresholdPercent            = 90                                   {experimental} {command line}
    uintx G1NewSizePercent                         = 30                                   {experimental} {command line}
     intx G1RSetUpdatingPauseTimePercent           = 5                                         {product} {command line}
    uintx G1ReservePercent                         = 20                                        {product} {command line}
    uintx GCDrainStackTargetSize                   = 64                                        {product} {ergonomic}
   size_t InitialHeapSize                          = 4294967296                                {product} {command line}
    uintx InitialTenuringThreshold                 = 1                                         {product} {ergonomic}
    uintx InitiatingHeapOccupancyPercent           = 15                                        {product} {command line}
   size_t MarkStackSize                            = 4194304                                   {product} {ergonomic}
    uintx MaxGCPauseMillis                         = 200                                       {product} {command line}
   size_t MaxHeapSize                              = 4294967296                                {product} {command line}
    uintx MaxTenuringThreshold                     = 1                                         {product} {command line}
   size_t MinHeapDeltaBytes                        = 8388608                                   {product} {ergonomic}
     bool NeverTenure                              = false                                     {product} {command line}
    uintx NonNMethodCodeHeapSize                   = 5836300                                {pd product} {ergonomic}
    uintx NonProfiledCodeHeapSize                  = 122910970                              {pd product} {ergonomic}
     bool ParallelRefProcEnabled                   = true                                      {product} {command line}
     bool PerfDisableSharedMem                     = true                                      {product} {command line}
    uintx ProfiledCodeHeapSize                     = 122910970                              {pd product} {ergonomic}
    uintx ReservedCodeCacheSize                    = 251658240                              {pd product} {ergonomic}
     bool SegmentedCodeCache                       = true                                      {product} {ergonomic}
    uintx SurvivorRatio                            = 32                                        {product} {command line}
     bool UnlockExperimentalVMOptions              = true                                 {experimental} {command line}
     bool UseCompressedClassPointers               = true                                 {lp64_product} {ergonomic}
     bool UseCompressedOops                        = true                                 {lp64_product} {ergonomic}
     bool UseG1GC                                  = true                                      {product} {command line}

Logging:
Log output configuration:
 #0: stdout all=warning uptime,level,tags
 #1: stderr all=off uptime,level,tags

Environment Variables:
PATH=/usr/local/bin:/usr/bin:/bin
LANG=en_US.UTF-8
LC_CTYPE=en_US.UTF-8

Signal Handlers:
SIGSEGV: [libjvm.so+0xee2850], sa_mask[0]=11111111011111111101111111111110, sa_flags=SA_RESTART|SA_SIGINFO
SIGBUS: [libjvm.so+0xee2850], sa_mask[0]=11111111011111111101111111111110, sa_flags=SA_RESTART|SA_SIGINFO
SIGFPE: [libjvm.so+0xee2850], sa_mask[0]=11111111011111111101111111111110, sa_flags=SA_RESTART|SA_SIGINFO
SIGPIPE: [libjvm.so+0xc30c00], sa_mask[0]=11111111011111111101111111111110, sa_flags=SA_RESTART|SA_SIGINFO
SIGXFSZ: [libjvm.so+0xc30c00], sa_mask[0]=11111111011111111101111111111110, sa_flags=SA_RESTART|SA_SIGINFO
SIGILL: [libjvm.so+0xee2850], sa_mask[0]=11111111011111111101111111111110, sa_flags=SA_RESTART|SA_SIGINFO
SIGUSR2: [libjvm.so+0xc30a80], sa_mask[0]=00000000000000000000000000000000, sa_flags=SA_RESTART|SA_SIGINFO
SIGHUP: SIG_DFL, sa_mask[0]=00000000000000000000000000000000, sa_flags=none
SIGINT: SIG_IGN, sa_mask[0]=00000000000000000000000000000000, sa_flags=none
SIGTERM: SIG_DFL, sa_mask[0]=00000000000000000000000000000000, sa_flags=none
SIGQUIT: SIG_DFL, sa_mask[0]=00000000000000000000000000000000, sa_flags=none


---------------  S Y S T E M  ---------------

OS:CentOS Linux release 7.9.2009 (Core)
uname:Linux 4.19-ovh-xxxx-std-ipv6-64 #1179808 SMP Mon Mar 30 07:31:39 UTC 2020 x86_64
OS uptime: 254 days 0:17 hours
libc:glibc 2.17 NPTL 2.17 
rlimit (soft/hard): STACK 8192k/infinity , CORE 0k/infinity , NPROC 514803/514803 , NOFILE 4096/4096 , AS infinity/infinity , CPU infinity/infinity , DATA infinity/infinity , FSIZE infinity/infinity , MEMLOCK 64k/64k
load average:5.21 5.20 5.25

/proc/meminfo:
MemTotal:       131967108 kB
MemFree:          781192 kB
MemAvailable:    3464392 kB
Buffers:          104484 kB
Cached:          5313308 kB
SwapCached:       282452 kB
Active:         123739012 kB
Inactive:        6665524 kB
Active(anon):   123037940 kB
Inactive(anon):  3694480 kB
Active(file):     701072 kB
Inactive(file):  2971044 kB
Unevictable:           0 kB
Mlocked:               0 kB
SwapTotal:       1046520 kB
SwapFree:              0 kB
Dirty:             17880 kB
Writeback:             0 kB
AnonPages:      124705984 kB
Mapped:           153104 kB
Shmem:           1743840 kB
Slab:             235784 kB
SReclaimable:     130748 kB
SUnreclaim:       105036 kB
KernelStack:       38492 kB
PageTables:       272744 kB
NFS_Unstable:          0 kB
Bounce:                0 kB
WritebackTmp:          0 kB
CommitLimit:    67030072 kB
Committed_AS:   134049944 kB
VmallocTotal:   34359738367 kB
VmallocUsed:           0 kB
VmallocChunk:          0 kB
Percpu:             7168 kB
HardwareCorrupted:     0 kB
AnonHugePages:  97646592 kB
ShmemHugePages:        0 kB
ShmemPmdMapped:        0 kB
HugePages_Total:       0
HugePages_Free:        0
HugePages_Rsvd:        0
HugePages_Surp:        0
Hugepagesize:       2048 kB
Hugetlb:               0 kB
DirectMap4k:     1706656 kB
DirectMap2M:    120864768 kB
DirectMap1G:    13631488 kB

/sys/kernel/mm/transparent_hugepage/enabled:
[always] madvise never
/sys/kernel/mm/transparent_hugepage/defrag (defrag/compaction efforts parameter):
always defer defer+madvise [madvise] never

/proc/sys/kernel/threads-max (system-wide limit on the number of threads):
1029606
/proc/sys/vm/max_map_count (maximum number of memory map areas a process may have):
65530
/proc/sys/kernel/pid_max (system-wide limit on number of process identifiers):
32768

container (cgroup) information:
container_type: cgroupv1
cpu_cpuset_cpus: 0-11
cpu_memory_nodes: 0
active_processor_count: 12
cpu_quota: -2
cpu_period: -2
cpu_shares: -1
memory_limit_in_bytes: -1
memory_and_swap_limit_in_bytes: -1
memory_soft_limit_in_bytes: -1
memory_usage_in_bytes: 133537054720
memory_max_usage_in_bytes: 566787719168

Steal ticks since vm start: 0
Steal ticks percentage since vm start:  0.000

CPU:total 12 (initial active 12) (6 cores per cpu, 2 threads per core) family 6 model 79 stepping 1, cmov, cx8, fxsr, mmx, sse, sse2, sse3, ssse3, sse4.1, sse4.2, popcnt, avx, avx2, aes, clmul, erms, rtm, 3dnowpref, lzcnt, ht, tsc, tscinvbit, bmi1, bmi2, adx, fma
CPU Model and flags from /proc/cpuinfo:
model name	: Intel(R) Xeon(R) CPU E5-1650 v4 @ 3.60GHz
flags		: fpu vme de pse tsc msr pae mce cx8 apic sep mtrr pge mca cmov pat pse36 clflush dts acpi mmx fxsr sse sse2 ss ht tm pbe syscall nx pdpe1gb rdtscp lm constant_tsc arch_perfmon pebs bts rep_good nopl xtopology nonstop_tsc cpuid aperfmperf pni pclmulqdq dtes64 monitor ds_cpl vmx smx est tm2 ssse3 sdbg fma cx16 xtpr pdcm pcid dca sse4_1 sse4_2 x2apic movbe popcnt tsc_deadline_timer aes xsave avx f16c rdrand lahf_lm abm 3dnowprefetch cpuid_fault epb cat_l3 cdp_l3 invpcid_single pti intel_ppin ssbd ibrs ibpb stibp tpr_shadow vnmi flexpriority ept vpid ept_ad fsgsbase tsc_adjust bmi1 hle avx2 smep bmi2 erms invpcid rtm cqm rdt_a rdseed adx smap intel_pt xsaveopt cqm_llc cqm_occup_llc cqm_mbm_total cqm_mbm_local dtherm ida arat pln pts md_clear flush_l1d
Online cpus:
0-11
Offline cpus:

BIOS frequency limitation:
<Not Available>
Frequency switch latency (ns):
0
Available cpu frequencies:
<Not Available>
Current governor:
powersave
Core performance/turbo boost:
<Not Available>

Memory: 4k page, physical 131967108k(781192k free), swap 1046520k(0k free)

vm_info: OpenJDK 64-Bit Server VM (11.0.9+11-LTS) for linux-amd64 JRE (11.0.9+11-LTS), built on Nov  4 2020 21:44:11 by "mockbuild" with gcc 4.8.5 20150623 (Red Hat 4.8.5-44)

END.
