[2021-01-03 13:49:47 INFO] [DEBUG] Registering MenuAPI listener to EnjinMinecraftPlugin
[2021-01-03 13:49:47 INFO] [DEBUG] Init gui api done.
[2021-01-03 13:49:47 INFO] [DEBUG] Registering service: PluginService
[2021-01-03 13:49:47 INFO] [DEBUG] Enjin API URL: https://api.enjin.com/api/v1/minecraft.php
[2021-01-03 13:49:47 INFO] [DEBUG] JSONRPC2 Request: {"method":"Plugin.auth","id":1,"params":{"authkey":"**************************************************","fetch_server_id":true,"port":25563,"save":true},"jsonrpc":"2.0"}
[2021-01-03 13:49:47 INFO] [DEBUG] JSONRPC2 Response: {"result":{"authed":true,"server_id":796866},"id":"1","jsonrpc":"2.0"}
[2021-01-03 13:49:47 INFO] [DEBUG] Init version done.
[2021-01-03 13:49:47 INFO] [DEBUG] Registering commands and directives for CoreCommands
[2021-01-03 13:49:47 INFO] [DEBUG] Registering command: enjinkey
[2021-01-03 13:49:47 INFO] [DEBUG] Registering command: enjin
[2021-01-03 13:49:47 INFO] [DEBUG] Registering directive: push for command: enjin
[2021-01-03 13:49:47 INFO] [DEBUG] Registering directive: tags for command: enjin
[2021-01-03 13:49:47 INFO] [DEBUG] Registering directive: key for command: enjin
[2021-01-03 13:49:47 INFO] [DEBUG] Registering directive: debug for command: enjin
[2021-01-03 13:49:47 INFO] [DEBUG] Registering directive: inform for command: enjin
[2021-01-03 13:49:47 INFO] [DEBUG] Registering directive: lag for command: enjin
[2021-01-03 13:49:47 INFO] [DEBUG] Registering directive: broadcast for command: enjin
[2021-01-03 13:49:47 INFO] [DEBUG] Registering directive: report for command: enjin
[2021-01-03 13:49:47 INFO] [DEBUG] Registering commands and directives for BuyCommand
[2021-01-03 13:49:47 INFO] [DEBUG] Registering command: buy
[2021-01-03 13:49:47 INFO] [DEBUG] Registering directive: item for command: buy
[2021-01-03 13:49:47 INFO] [DEBUG] Registering directive: shop for command: buy
[2021-01-03 13:49:47 INFO] [DEBUG] Registering directive: confirm for command: buy
[2021-01-03 13:49:47 INFO] [DEBUG] Registering directive: page for command: buy
[2021-01-03 13:49:47 INFO] [DEBUG] Registering directive: buy for command: enjin
[2021-01-03 13:49:47 INFO] [DEBUG] Registering commands and directives for HeadCommands
[2021-01-03 13:49:47 INFO] [DEBUG] Registering directive: updateheads for command: enjin
[2021-01-03 13:49:47 INFO] [DEBUG] Registering directive: head for command: enjin
[2021-01-03 13:49:47 INFO] [DEBUG] Registering commands and directives for SupportCommands
[2021-01-03 13:49:47 INFO] [DEBUG] Registering directive: ticket for command: enjin
[2021-01-03 13:49:47 INFO] [DEBUG] Registering directive: reply for command: enjin
[2021-01-03 13:49:47 INFO] [DEBUG] Registering directive: openticket for command: enjin
[2021-01-03 13:49:47 INFO] [DEBUG] Registering directive: ticketstatus for command: enjin
[2021-01-03 13:49:47 INFO] [DEBUG] Registering directive: support for command: enjin
[2021-01-03 13:49:47 INFO] [DEBUG] Registering commands and directives for PointCommands
[2021-01-03 13:49:47 INFO] [DEBUG] Registering directive: addpoints for command: enjin
[2021-01-03 13:49:47 INFO] [DEBUG] Registering directive: removepoints for command: enjin
[2021-01-03 13:49:47 INFO] [DEBUG] Registering directive: getpoints for command: enjin
[2021-01-03 13:49:47 INFO] [DEBUG] Registering directive: setpoints for command: enjin
[2021-01-03 13:49:47 INFO] [DEBUG] Registering commands and directives for ConfigCommand
[2021-01-03 13:49:47 INFO] [DEBUG] Registering directive: config for command: enjin
[2021-01-03 13:49:47 INFO] [DEBUG] Registering commands and directives for VoteCommands
[2021-01-03 13:49:47 INFO] [DEBUG] Registering directive: vote for command: enjin
[2021-01-03 13:49:47 INFO] [DEBUG] Init commands done.
[2021-01-03 13:49:47 INFO] [DEBUG] Initializing Listeners
[2021-01-03 13:49:47 INFO] [DEBUG] Init listeners done.
[2021-01-03 13:49:47 INFO] [DEBUG] Module Initialized: SignStats
[2021-01-03 13:49:47 INFO] [DEBUG] Module Initialized: Purchase
[2021-01-03 13:49:47 INFO] [DEBUG] Module Initialized: Vault
[2021-01-03 13:49:47 INFO] [DEBUG] Registering vote listener!
[2021-01-03 13:49:47 INFO] [DEBUG] Module Initialized: Votifier
[2021-01-03 13:49:47 INFO] [DEBUG] Registering service: TicketService
[2021-01-03 13:49:47 INFO] [DEBUG] Enjin API URL: https://api.enjin.com/api/v1/api.php
[2021-01-03 13:49:48 INFO] [DEBUG] JSONRPC2 Request: {"method":"Tickets.getModules","id":2,"params":{"authkey":"**************************************************"},"jsonrpc":"2.0"}
[2021-01-03 13:49:48 INFO] [DEBUG] JSONRPC2 Response: {"result":[],"id":"2","jsonrpc":"2.0"}
[2021-01-03 13:49:48 INFO] [DEBUG] Module Initialized: Support
[2021-01-03 13:49:48 INFO] [DEBUG] Init modules done.
[2021-01-03 13:49:48 INFO] [DEBUG] Init plugins done.
[2021-01-03 13:49:48 INFO] [DEBUG] No suitable permissions plugin found, falling back to synching on player disconnect.
[2021-01-03 13:49:48 INFO] [DEBUG] You might want to switch to PermissionsEx or bPermissions.
[2021-01-03 13:49:48 INFO] [DEBUG] Init permissions done.
[2021-01-03 13:49:48 INFO] [DEBUG] Starting tasks.
[2021-01-03 13:49:48 INFO] [DEBUG] Init tasks done.
[2021-01-03 13:49:56 INFO] [DEBUG] Enjin API URL: https://api.enjin.com/api/v1/minecraft.php
[2021-01-03 13:49:56 INFO] [DEBUG] JSONRPC2 Request: {"method":"Plugin.getStats","id":3,"params":{"authkey":"**************************************************","items":[]},"jsonrpc":"2.0"}
[2021-01-03 13:49:56 INFO] [DEBUG] JSONRPC2 Response: {"result":{"top_donators_money":[{"price":"1.00","player_name":"verzion"}],"top_voters_day":[],"top_forum_likes":[],"item_purchases":[],"recent_purchases":[{"purchase_method":"money","price":"1.00","player_name":"verzion","items":["3074040"]}],"top_donators_points":[],"top_points_day":[],"top_players":[{"hours":65.06,"player_name":"Zonelesi"},{"hours":42.58,"player_name":"LethalLuck"},{"hours":33.77,"player_name":"vanism"},{"hours":13.43,"player_name":"STra1z"},{"hours":13.19,"player_name":"verzion"},{"hours":11.83,"player_name":"ImJarHed"},{"hours":9.34,"player_name":"Billy_Not_Really"},{"hours":1.88,"player_name":"Knight_Sparrow"},{"hours":1.25,"player_name":"fastgetter"},{"hours":1.23,"player_name":"X9gen"}],"top_donators_money_month":[{"price":"1.00","player_name":"verzion"}],"recent_voters":[{"list_id":"39311","vote_time":"1609541022","player_name":"vanism","list_name":"TopMinecraftServers"},{"list_id":"57623","vote_time":"1609541009","player_name":"vanism","list_name":"Minecraft-Server.net"},{"list_id":"59554","vote_time":"1609540996","player_name":"vanism","list_name":"Trackyserver.com"},{"list_id":"10666","vote_time":"1609540974","player_name":"vanism","list_name":"Minecraft-Tracker.com"},{"list_id":"51","vote_time":"1609540953","player_name":"vanism","list_name":"topg.org"},{"list_id":"9","vote_time":"1609540926","player_name":"vanism","list_name":"Minecraft-MP.com"},{"list_id":"39311","vote_time":"1609182063","player_name":"vanism","list_name":"TopMinecraftServers"},{"list_id":"57623","vote_time":"1609182033","player_name":"vanism","list_name":"Minecraft-Server.net"},{"list_id":"51","vote_time":"1609182005","player_name":"vanism","list_name":"topg.org"},{"list_id":"59554","vote_time":"1609181965","player_name":"vanism","list_name":"Trackyserver.com"}],"top_voters_month":[{"cnt":"6","player_name":"vanism"}],"latest_members":[],"top_donators_money_day":[],"top_points_week":[],"top_donators_points_week":[],"top_donators_points_month":[],"top_voters_week":[{"cnt":"12","player_name":"vanism"}],"top_posters":[],"top_points":[],"top_donators_points_day":[],"top_donators_money_week":[{"price":"1.00","player_name":"verzion"}],"top_points_month":[]},"id":"3","jsonrpc":"2.0"}
[2021-01-03 13:50:55 INFO] [DEBUG] Syncing with Enjin services...
[2021-01-03 13:50:55 INFO] [DEBUG] Constructing payload...
[2021-01-03 13:50:56 INFO] [DEBUG] Fetching plugin service...
[2021-01-03 13:50:56 INFO] [DEBUG] Syncing...
[2021-01-03 13:50:56 INFO] [DEBUG] Enjin API URL: https://api.enjin.com/api/v1/minecraft.php
[2021-01-03 13:50:56 INFO] [DEBUG] JSONRPC2 Request: {"method":"Plugin.sync","id":4,"params":{"authkey":"**************************************************","status":{"worlds":["world","world_nether","world_the_end"],"hasranks":true,"plugins":["LuckPerms","PlaceholderAPI","PlugMan","PortalStones","Votifier","ProtocolLib","Minepacks","VillagerModifications","Chunkmaster","Vault","ShopGUIPlus","WorldEdit","Essentials","Matrix","HolographicDisplays","WorldGuard","EssentialsProtect","EssentialsChat","SuperbVote","mcMMO","GriefPrevention","EssentialsSpawn","EnjinMinecraftPlugin","Harbor","Jobs","LorinthsRpgMobs","BetterRTP"],"players":0,"groups":["Owner","default","Admin"],"playerlist":[],"playergroups":{},"mc_version":"1.16.4","stats":null,"tps":20.0,"votifier":null,"java_version":"11.0.9.1","executed_commands":[],"pluginversion":"3.5.7","maxplayers":12}},"jsonrpc":"2.0"}
[2021-01-03 13:50:56 INFO] [DEBUG] JSONRPC2 Response: {"result":{"instructions":[],"status":"ok"},"id":"4","jsonrpc":"2.0"}
[2021-01-03 13:50:56 INFO] [DEBUG] Sync complete...
[2021-01-03 13:51:27 INFO] [DEBUG] Scanning banned player list
[2021-01-03 13:51:27 INFO] [DEBUG] Adding banned player Ice_Man_913
[2021-01-03 13:51:27 INFO] [DEBUG] Adding banned player Hascar
[2021-01-03 13:51:27 INFO] [DEBUG] Adding banned player Crustee_Tim
[2021-01-03 13:51:27 INFO] [DEBUG] Adding banned player PinkPorky
[2021-01-03 13:51:55 INFO] [DEBUG] Syncing with Enjin services...
[2021-01-03 13:51:55 INFO] [DEBUG] No players online, server will sync after 10 minutes have elapsed. Minutes remaining: 9
