12:11 Zonelesi  : Welcome back
12:11 Billy_Not_Really: yo
12:20 Billy_Not_Really: tt
12:32 Billy_Not_Really: yo
12:32 Zonelesi        : Heya
12:32 Zonelesi        : My internet is a bit laggy
12:32 Billy_Not_Really: oof
12:33 Zonelesi        : Or it might be the server idk
12:38 Billy_Not_Really: i think its ur internet os im running smooth
12:38 Zonelesi        : I guess it's just me
12:38 Zonelesi        : Though my ping looks like everything's fine
12:43 Zonelesi        : a
12:43 Zonelesi        : I think I might need to reset my router
12:56 Billy_Not_Really:  placed a sign @ world: x-182, z-43
  Go find this
  ---->
12:58 Billy_Not_Really:  placed a sign @ world: x-199, z-39
  BillyNotReally
  House
13:06 Zonelesi        : Welcome back!
13:06 verzion         : thanks :)
14:12 Zonelesi        : Welcome back!
14:12 vanism          : ty!
15:18 vanism          : wb
15:18 Zonelesi        : Thank you
16:12 Zonelesi        : Welcome
16:12 Sapphirewulf14  : Hi
16:32 Zonelesi        : Welcome back!
16:32 verzion         : thanks
16:38 Zonelesi        : I'll probably remove the ugly thing myself, since I can get some quartz pillars from it
16:38 verzion         : ok. but it's quite large isnt it?
16:39 Zonelesi        : I think I'll manage XD
16:39 verzion         : ok. did you build it?
16:39 Zonelesi        : Yeah
16:39 Zonelesi        : You can even check who placed the blocks
16:40 verzion         : no that's fine.
20:57 Zonelesi        : Welcome back
20:57 ImJarHed        : hi
20:57 Zonelesi        : Hi
20:58 ImJarHed placed suspicious WATER_BUCKET @ world: x-1046, z-982
20:58 ImJarHed placed suspicious WATER_BUCKET @ world: x-1051, z-980
20:58 ImJarHed placed suspicious WATER_BUCKET @ world: x-1054, z-984
20:58 ImJarHed placed suspicious WATER_BUCKET @ world: x-1054, z-987
20:58 ImJarHed placed suspicious WATER_BUCKET @ world: x-1050, z-990
21:05 ImJarHed placed suspicious WATER_BUCKET @ world: x-1097, z-1029
21:10 ImJarHed        : welcome!
21:10 Zonelesi        : Welcome
21:55 ImJarHed        : welcome!
21:55 benBigwilly     : thankyou
21:55 benBigwilly     : yo im making my own minecraft server could you hop on and help me test if something works?
21:56 ImJarHed        : i could help sure
21:56 benBigwilly     : volcanic factions ws
21:56 benBigwilly     : okay thanlkyou
21:56 benBigwilly     : theres the ip
21:56 benBigwilly     : volcanic factions ws
23:13 STra1z          :  placed a sign @ world: x-1054, z-933
  MINER'S HOUSE
  WIP
23:52 ImJarHed        : hi
23:52 vanism          : hey :)
