00:03 LethalLuck      :  placed a sign @ world: x-1060, z-935
  Hey buddy!
  Merry Christmas(:
  -LethalLuck
00:10 LethalLuck      :  placed a sign @ world: x-1060, z-935
  Not a lot but
  I didn't wanna
  ruin the grind
  for ya!
00:11 LethalLuck      :  placed a sign @ world: x-1052, z-939
  e
02:10 LethalLuck      :  placed a sign @ world: x7693, z1266
  So you've seemed
  to have stumbled
  upon my base..
  Welcome!
02:11 LethalLuck      :  placed a sign @ world: x7693, z1267
  I quit this server
  12/22/20 it was a
  fun time and I
  enjoyed the
02:11 LethalLuck      :  placed a sign @ world: x7693, z1268
  people I met but
  the server
  simply isn't active.
  If you would like
02:12 LethalLuck      :  placed a sign @ world: x7693, z1269
  My base message
  me on Discord!
  Lethal#0176
  -LethalLuck
23:09 Zonelesi  : Welcome back
23:09 STra1z    : ty
