03:02 ImJarHed placed suspicious WATER_BUCKET @ world: x-1115, z-1035
04:47 Zonelesi        : Welcome back!
04:47 ImJarHed        : yo
04:49 Zonelesi        : Nice farm btw
09:23 Zonelesi  : Welcome back
09:23 ImJarHed  : aye thanks
09:23 Zonelesi  : Np, It's usually nice to see more than one person in the server lol
09:24 ImJarHed  : man i need levels
09:24 Zonelesi  : Want some xp bottles?
09:24 ImJarHed  : you have some
09:24 ImJarHed  : how the heck
09:24 Zonelesi  : Villagers sell them
09:24 ImJarHed  : they do o-o
09:25 Zonelesi  : Come to spawn if you want them
09:25 Zonelesi  : Also the cleric sells them at master I think
09:25 ImJarHed  : omg thanks
09:25 Zonelesi  : np
10:01 ImJarHed  : wb
11:12 ImJarHed placed suspicious WATER_BUCKET @ world: x-1076, z-1028
11:27 ImJarHed  : man
11:27 ImJarHed  : i still need to hunt for netherite
11:27 Zonelesi  : I have 3 spare ingots if you want them
11:27 ImJarHed  : ahh
11:27 ImJarHed  : you dont have to give me all 3
11:27 ImJarHed  : its hard to find
11:28 ImJarHed  : 1 would be nice for my pick
11:28 ImJarHed  : :)
11:28 ImJarHed  : want anything in return ?
11:28 Zonelesi  : I don't need them
11:28 Zonelesi  : Maybe a fire potion? idk
11:28 ImJarHed  : i could make one
11:28 ImJarHed  : i think
11:28 Zonelesi  : You don't have to
11:29 ImJarHed  : are ya sure
11:29 Zonelesi  : yeah, I have no use for these
11:29 ImJarHed  : alrighty
11:29 ImJarHed  : i appreciate it a ton
11:29 Zonelesi  : I mine exessively
11:29 ImJarHed  : thank you :))
11:29 ImJarHed  : what mining level are you
11:29 ImJarHed  : im curious
11:29 Zonelesi  : 951
11:29 ImJarHed  : damn
11:30 ImJarHed  : im 402
11:30 Zonelesi  : I'll hit the wall eventually
11:30 Zonelesi  : So you've heard about the portal stone right?
11:31 ImJarHed  : portal stone ?
11:31 Zonelesi  : You can link two nether portals so you can quickly transport to another place
11:31 ImJarHed  : oh what the
11:31 ImJarHed  : how do i do that
11:31 Zonelesi  : It's a really rare drop from redstone ore
11:32 ImJarHed  : oh shoot
11:33 ImJarHed  : what would you say is the best way to farm levels
11:33 ImJarHed  : you seem like you know the game really well
11:33 Zonelesi  : For me, either mining quartz or fighting zombie pigmen
11:35 Zonelesi  : Any tips on terraforming? Messy landscapes are kinda offputting
11:35 ImJarHed  : hmm
11:35 ImJarHed  : not really
11:35 ImJarHed  : i kinda just eye it
11:35 Zonelesi  : Alright then, thanks though
11:38 Zonelesi  : I like how I can name things "Block of diamond" and put it in a shulker.
19:42 vanism    : wb
19:42 ImJarHed  : thanks
20:11 ImJarHed  : wb
20:11 vanism    : ty
20:13 ImJarHed  : explosive spider
20:13 ImJarHed  : what
20:14 vanism    : explosive spider
20:14 vanism    : yep. we got some special mobs
20:29 ImJarHed placed suspicious LAVA_BUCKET @ world: x-1105, z-1050
20:30 ImJarHed placed suspicious LAVA_BUCKET @ world: x-1105, z-1050
20:33 ImJarHed placed suspicious LAVA_BUCKET @ world: x-1104, z-1050
20:34 ImJarHed placed suspicious WATER_BUCKET @ world: x-1104, z-1050
20:34 ImJarHed placed suspicious LAVA_BUCKET @ world: x-1105, z-1050
20:35 ImJarHed placed suspicious WATER_BUCKET @ world: x-1105, z-1051
20:35 ImJarHed placed suspicious WATER_BUCKET @ world: x-1105, z-1053
20:38 ImJarHed placed suspicious WATER_BUCKET @ world: x-1107, z-1049
20:48 ImJarHed placed suspicious LAVA_BUCKET @ world: x-1119, z-1050
20:51 ImJarHed placed suspicious LAVA_BUCKET @ world: x-1119, z-1036
20:51 ImJarHed placed suspicious LAVA_BUCKET @ world: x-1105, z-1036
20:56 ImJarHed placed suspicious LAVA_BUCKET @ world: x-1105, z-1036
20:56 ImJarHed placed suspicious LAVA_BUCKET @ world: x-1119, z-1036
20:57 ImJarHed placed suspicious WATER_BUCKET @ world: x-1113, z-1044
20:58 ImJarHed placed suspicious WATER_BUCKET @ world: x-1112, z-1043
20:58 ImJarHed placed suspicious WATER_BUCKET @ world: x-1112, z-1043
21:04 ImJarHed placed suspicious WATER_BUCKET @ world: x-1032, z-1159
