15:05 STra1z placed suspicious LAVA_BUCKET @ world: x-1059, z-928
20:50 Billy_Not_Really: hey agian
20:54 Billy_Not_Really: 67
21:01 LethalLuck      : yo
21:02 Billy_Not_Really: hey, how was croods
21:02 LethalLuck      : middle of rainbow 6 game ill be right back
21:02 LethalLuck      : and it was good
21:02 LethalLuck      : one of the few sequels that didnt fuck up lol
21:02 Billy_Not_Really: thats rare
21:27 LethalLuck      : long ass game
21:27 LethalLuck      : how u been bro
21:28 Billy_Not_Really: just been last minute xmas grocerie shopping then cooking loads
21:29 LethalLuck      : Cooking already?
21:31 Billy_Not_Really: zzz
23:47 LethalLuck      : oof
23:49 STra1z          : im done mining
23:49 LethalLuck      : get what yopu wanted?
23:49 STra1z          : almost
23:50 LethalLuck      : you ever make it abck to the end
23:51 STra1z          : nah
23:51 STra1z          : i literally had no iron fortools
23:52 LethalLuck      : if you need iron i got loads
23:52 STra1z          : im good now
23:52 STra1z          : ty
