10:36 verzion   : hello
10:36 Kuroeldblood: hi
10:48 NeverEaten  : yikes joining at rain
10:51 NeverEaten  : brb
10:52 NeverEaten  : ok well
10:53 NeverEaten  : i dont think i can vc cuz laptop mic is fucked
10:56 NeverEaten  : adam
10:56 Kuroeldblood: yes
10:57 NeverEaten  : take this
10:57 NeverEaten  : i want you to put corners
10:57 Kuroeldblood: ok
10:57 NeverEaten  : the shovel basically make you claim a land
10:57 NeverEaten  : you put a corner
10:57 NeverEaten  : 2 corners
10:57 NeverEaten  : to make square
10:57 NeverEaten  : here
10:58 NeverEaten  : for example
10:58 NeverEaten  : right click here
10:58 NeverEaten  : and here
10:58 NeverEaten  : you done?
10:58 Kuroeldblood: the claim would be too small it says
10:59 NeverEaten  : wtf
10:59 NeverEaten  : try widining it up
10:59 Kuroeldblood: 100 total claim blocks
10:59 NeverEaten  : ok change the corner
11:00 NeverEaten  : here maybe
11:00 NeverEaten  : just keep trying till you claim
11:00 Kuroeldblood: too small
11:00 NeverEaten  : how is that too small
11:00 NeverEaten  : thats bigger than my house
11:01 NeverEaten  : keep extending it further
11:01 NeverEaten  : until it says you cant
11:01 Kuroeldblood: lo,
11:01 Kuroeldblood: i need 600 more
11:02 NeverEaten  : weir
11:02 NeverEaten  : weird
11:02 verzion     : what's up?
11:02 Kuroeldblood: hello
11:02 verzion     : hey :)
11:02 NeverEaten  : hes trying to claim a land and says its too small
11:02 NeverEaten  : i dont know if thats even possible
11:02 verzion     : mind if I tp over?
11:03 NeverEaten  : sure
11:03 Kuroeldblood: hi
11:03 verzion     : this has been claimed here
11:03 NeverEaten  : so this is my claim
11:04 verzion     : so who's trying to claim?
11:04 NeverEaten  : he wants to claim the farm
11:04 NeverEaten  : or barn whatever he built
11:04 verzion     : where is it?
11:05 NeverEaten  : left side of the house
11:05 NeverEaten  : the fences
11:05 verzion     : ah
11:05 NeverEaten  : he cant claim it because its small, tried expanding area still small
11:06 verzion     : I think it's also too close your claim NeverEaten
11:06 NeverEaten  : i thought about that actually
11:06 NeverEaten  : is there a way to extend my claim, cuz i cant atm
11:06 Kuroeldblood: it said i need 600 more blocks
11:07 verzion     : that's a strange one
11:07 NeverEaten  : give me the shovel
11:08 NeverEaten  : you may claim up to 15 more blocks...
11:08 NeverEaten  : cant resize
11:09 verzion     : hey Kuro
11:10 Kuroeldblood: yes
11:10 Kuroeldblood: ?
11:10 verzion     : stand here and do /claim
11:10 verzion     : ok, you claimed that
11:10 verzion     : 9x9
11:10 verzion     : now do /abandonclaim
11:10 Kuroeldblood: thanks
11:11 verzion     : ok. you deleted the claim
11:11 verzion     : I think you were too close
11:11 Kuroeldblood: let me try here
11:12 verzion     : yep that worked
11:12 Kuroeldblood: hmmmm
11:12 NeverEaten  : weird it just said you can claim up to 15 more blocks, now its 18
11:13 verzion     : yes. you get claim blocks while playing
11:13 verzion     : 20 blocks per hour
11:13 NeverEaten  : i see
11:13 verzion     : you can also buy claim blocks in the /shop
11:14 verzion     : if you want to see your claim, click the ground with a stick
11:14 Kuroeldblood: ohhhhhhhh
11:14 NeverEaten  : move your farm
11:14 verzion     : yes really handy
11:14 NeverEaten  : also do /trust nevereaten
11:14 NeverEaten  : so i can build on it
11:15 verzion     : I'm around off and on. there's also /discord
11:15 verzion     : god luck :)
11:15 NeverEaten  : ty
11:15 verzion     : good*
11:15 NeverEaten  : cya
11:16 Kuroeldblood: ok thank you very much
11:16 verzion     : no problem
11:17 Kuroeldblood: i want bucket
11:17 NeverEaten  : make one
11:17 NeverEaten  : but why
11:18 NeverEaten  : am going deep mining
11:18 NeverEaten  : i found a big cave but i cant kill all the mobs alone so i guess am leaving it till you join me
11:18 NeverEaten  : and i bet there is diamond there
11:18 NeverEaten  : i smelled it
11:19 Kuroeldblood: ok
11:19 Kuroeldblood: try vc
11:19 Kuroeldblood: your mic could work
11:19 NeverEaten  : nah
11:19 NeverEaten  : it usually works
11:19 NeverEaten  : but rn no
11:20 NeverEaten  : are you coming
11:20 NeverEaten  : i lost like a stack of iron yesterday
11:21 NeverEaten  : wtf buddy
11:21 NeverEaten  : come
11:27 NeverEaten  : dp u have bucket
11:27 NeverEaten  : water
11:28 Kuroeldblood: lol
11:32 NeverEaten  : i got ur stuff
11:32 NeverEaten  : am in home
11:33 NeverEaten  : thats it?
11:33 Kuroeldblood: 17 iron
11:33 NeverEaten  : in the furnace
11:35 verzion     : have you chosen jobs yet?
11:36 NeverEaten  : guess i will do that
11:36 NeverEaten  : i actually did a job before i guess
11:36 verzion     : yep, best way to start making money.
11:36 NeverEaten  : travel east then north then talk to the mayor
11:36 Kuroeldblood: oh nice
11:36 verzion     : you can also make good money on the quests
11:37 NeverEaten  : am going to see the jobs brb
11:37 NeverEaten  : spawn
11:37 verzion     : just do /jobs browse
11:38 NeverEaten  : oh i didnt finish the quest i had
11:38 NeverEaten  : how do i preview the quest again
11:41 NeverEaten  : where is noryn desert
11:43 verzion     : do /quest
11:45 NeverEaten  : adam
11:45 NeverEaten  : come
11:49 NeverEaten  : come home adam
11:49 Zonelesi    : A green name?
11:49 Zonelesi    : huh!?
11:49 Zonelesi    : Since when did our names turn green?
11:50 NeverEaten  : its been like that ever since i joined
11:50 NeverEaten  : adam helloo come home
11:50 Kuroeldblood: just a second
11:51 NeverEaten  : wait where is my torches
11:51 NeverEaten  : nvm
11:55 NeverEaten  : this zombies are memes i swear
11:55 NeverEaten  : adam tp to me
11:55 NeverEaten  : or just
11:55 NeverEaten  : come to the mine
11:55 Kuroeldblood: ok
11:56 Kuroeldblood: a sec
11:56 NeverEaten  : get rid of those skeletons
11:56 NeverEaten  : i gota get my items back
11:56 NeverEaten  : are you done
11:57 NeverEaten  : well i got them back
11:59 NeverEaten  : so memes
11:59 NeverEaten  : why trhe fuck did u lock the mine
11:59 Kuroeldblood: let me get them
11:59 Kuroeldblood: crepers
11:59 NeverEaten  : when u got them coime home
12:00 NeverEaten  : my sword
12:00 NeverEaten  : torches
12:00 NeverEaten  : lol
12:00 NeverEaten  : u can just drag an item from ur inventory to to nothing to drop all of it
12:01 NeverEaten  : drop all of them at the same time
12:03 NeverEaten  : come home
12:04 Zonelesi    : It's snowing again..
12:09 NeverEaten  : can we just make iron doors
12:09 Kuroeldblood: YES
12:10 Kuroeldblood: you didnt pick upthe torches
12:10 NeverEaten  : idc
12:11 Kuroeldblood: iwant ti light up this place
12:11 NeverEaten  : can u make a lever
12:13 Kuroeldblood: button
12:13 NeverEaten  : i guess
12:13 Kuroeldblood: is better
12:14 NeverEaten  : so we lost torches and enchanted bow? guess thats fine
12:15 NeverEaten  : i made torches again
12:17 NeverEaten  : brb
12:18 Kuroeldblood: ok
12:22 NeverEaten  : back
12:23 NeverEaten  : ez another enchanted bow
12:24 NeverEaten  : i will go mine
12:27 Zonelesi    : What.?
12:27 Zonelesi    : I get creepers, but zombies?
12:28 NeverEaten  : well
12:28 Kuroeldblood: here goes my sheep
12:28 NeverEaten  : when u get a stack of zombies following u with enchanted golden armor full set
12:28 Kuroeldblood: where are they spawning from
12:28 NeverEaten  : they spawn on lights
12:28 NeverEaten  : its doesnt matter
12:28 Kuroeldblood: and why are all zombies echanted
12:29 Kuroeldblood: the fk
12:29 NeverEaten  : cuz the helmet and boots
12:29 NeverEaten  : we need alot of food buddy
12:29 NeverEaten  : feed ur cows alr
12:29 NeverEaten  : take wheat
12:31 NeverEaten  : lets go mine
12:37 NeverEaten  : buddy
12:37 Kuroeldblood: yes
12:38 NeverEaten  : adam
12:40 Kuroeldblood: yes
12:40 NeverEaten  : u gona help me in the mine?
12:41 Kuroeldblood: yes
12:41 Kuroeldblood: bring axes
12:43 NeverEaten  : i can see ur name
12:45 Kuroeldblood: where are youi
12:45 NeverEaten  : wait
12:48 NeverEaten  : do u have wood or water bucket
12:48 Kuroeldblood: no'
12:49 NeverEaten  : need coal
12:51 NeverEaten  : where di u go
12:52 NeverEaten  : wait
12:53 Kuroeldblood: get the red stone
12:53 Kuroeldblood: come
12:54 NeverEaten  : ther is always lava under diamonds
12:54 NeverEaten  : adam
12:54 NeverEaten  : go make a pickaxe
12:54 Kuroeldblood: mineshaft
12:54 NeverEaten  : yes ik
12:55 NeverEaten  : go make a pickaxe
12:55 Kuroeldblood: dnot kill all the lava
12:56 NeverEaten  : also get torches
12:57 Kuroeldblood: no wood
12:58 Kuroeldblood: need food
12:58 NeverEaten  : how did u make the shield
12:58 NeverEaten  : ok listen
12:58 NeverEaten  : wipe our stuff
12:58 NeverEaten  : lets go home
12:58 Kuroeldblood: btw did u get all the dimond
12:58 Kuroeldblood: ?
12:58 NeverEaten  : no
12:59 NeverEaten  : i will come back
12:59 NeverEaten  : its never too late
12:59 NeverEaten  : am gona make the diamond pickaze
13:00 NeverEaten  : got it
13:00 NeverEaten  : make me shield pls
13:00 NeverEaten  : also make some armor for urself
13:01 Kuroeldblood: dont need
13:01 NeverEaten  : ok
13:02 NeverEaten  : am going
13:03 NeverEaten  : 2 ender
13:03 Kuroeldblood: gonna pray then come
13:20 Kuroeldblood: im back
13:21 NeverEaten  : wb
13:21 Kuroeldblood: i need to open a neither portal
13:21 Kuroeldblood: i want to get food
13:21 NeverEaten  : i just found a cart
13:21 NeverEaten  : lol
13:21 NeverEaten  : but there is skele
13:23 NeverEaten  : i almost fucked up lol
13:23 NeverEaten  : i will go suicide
13:24 NeverEaten  : i have an idea
13:24 NeverEaten  : 2 buckets
13:24 NeverEaten  : 1 lava to kill the spiders from auto spawner
13:25 NeverEaten  : and 1 water to kill lava
13:26 NeverEaten  : ok lets go
13:27 NeverEaten  : buddy
13:27 Kuroeldblood: yes
13:27 NeverEaten  : to the mineshaft
13:27 Kuroeldblood: let mme die first
13:29 NeverEaten  : do u have gfood
13:29 Kuroeldblood: no
13:29 NeverEaten  : how do u make blast furnace
13:29 NeverEaten  : do uknbow
13:29 Kuroeldblood: no
13:30 NeverEaten  : i wanna try something
13:31 Edwiener    : Heyo!~
13:32 Kuroeldblood: that the neright crafting
13:32 Edwiener    : How are you guys doing? :)
13:32 NeverEaten  : lez go
13:33 Kuroeldblood: i made a smoker
13:33 NeverEaten  : ok lets go
13:34 NeverEaten  : f
13:36 Kuroeldblood: slime
13:38 Kuroeldblood: lol
13:41 Edwiener    : You guys just started, right?
13:42 Kuroeldblood: no we didnt
13:42 Edwiener    : Oh! I see
13:43 Edwiener    : Didn't see you guys before :)
13:43 Edwiener    : Though I wasn't active for the past few days
13:43 NeverEaten  : kuro
13:43 Kuroeldblood: yes
13:44 NeverEaten  : i went backto base
13:44 NeverEaten  : stack of zombies were following me
13:44 NeverEaten  : am coming now
13:45 Kuroeldblood: bring wood
13:45 NeverEaten  : why
13:45 Kuroeldblood: torches
13:50 NeverEaten  : i found atreasure
13:50 NeverEaten  : got the items
13:50 NeverEaten  : where r u
13:50 Kuroeldblood: CAVE
13:51 Kuroeldblood: its so big
14:05 Edwiener    : Heyo!~
14:05 moezes      : hey
14:06 moezes      : yikes my ping
14:06 Edwiener    : Oh damn
14:06 moezes      : ill pause gw2 then
14:06 Edwiener    : yeah i was about to suggest that
14:07 Edwiener    : u scared me lmao
14:07 moezes      : oh
14:07 moezes      : very nice
14:07 Edwiener    : ye im still testing the design
14:15 moezes      : why is this blocked off
14:15 moezes      : the animal room
14:15 Edwiener    : 1 sec
14:16 Edwiener    : F
14:17 moezes      : ..test
14:17 moezes      : nvm
14:17 Edwiener    : &4red
14:17 Edwiener    : nah
14:21 Edwiener    : F
14:22 moezes      : bud do you need help
14:22 Kuroeldblood: lost items coz wolfs feels bad man
14:22 moezes      : what did u have
14:22 Kuroeldblood: ah nothing much
14:22 moezes      : hmm
14:22 Kuroeldblood: i can make it so thanks for the help
14:23 moezes      : i can make you iron gear if u want
14:23 Kuroeldblood: nah like it basicly iron gear so no need
14:23 moezes      : okay
14:23 moezes      : just lemme know if u need anything
14:23 moezes      : omw
14:23 Edwiener    : no, me
14:23 moezes      : ah
14:24 Kuroeldblood: ok good bye for now
14:24 moezes      : byw
14:24 moezes      : bye
14:24 Edwiener    : Bbye!~
14:45 Edwiener    : wb
14:45 moezes      : hei
14:45 moezes      : hmm gimme 2 mins
14:46 moezes      : aight got netflix running
14:46 Edwiener    : cool
14:48 Edwiener    : ehh idk
14:48 moezes      : u finished?
14:48 Edwiener    : test
14:48 Edwiener    : no i don't like what i did
14:49 moezes      : i mean maybe not the ones that are 3 blocks above the ground
14:50 moezes      : okay
14:50 Edwiener    : Sure think
14:50 Edwiener    : thing*
15:00 moezes      : aight imma land and log out
15:02 Edwiener  : Heyo!~
15:02 moezes    : hah beat ya to i
15:02 moezes    : it
15:02 Edwiener  : Good job!!
15:02 Edwiener  : I'm so proud of you :)
15:02 moezes    : bitch
15:02 Edwiener  : <3
15:19 moezes    : uh ed
15:19 Edwiener  : ?
15:19 moezes    : u gon put glass on the floor?
15:19 Edwiener  : i went to get squids
15:19 Edwiener  : ye
15:19 moezes    : i have some sacs
15:19 moezes    : plus we have more in the chest
15:19 moezes    : we have 46 sacs
15:19 Edwiener  : i don't see any here
15:19 Edwiener  : it's fine i don't need a lot
15:19 moezes    : bruh
15:20 moezes    : ANIMAL CHEST
15:20 Edwiener  : aight
15:20 moezes    : its called animal drops
15:21 Edwiener  : me no like...
15:21 Edwiener  : should i pour lava instead? LOL
15:21 moezes    : mmm no
15:22 Edwiener  : Egh....
15:22 Edwiener  : reeee
15:25 Edwiener  : what u up to
15:25 moezes    : sanding
15:26 Edwiener  : hm?
15:26 Edwiener  : OH
15:26 Edwiener  : monument
15:26 moezes    : tihi
15:28 Edwiener  : F
15:29 moezes    : I WAS INVISIBLE
15:33 Edwiener  : lmao 3 cats were stuck in the sugarcane farm
15:33 moezes    : KILL
15:33 Edwiener  : DEAD
15:34 moezes    : good boyo
15:37 Edwiener  : Heyo!~
15:38 steeldeadeye: hey
15:38 steeldeadeye: wanna team?
15:38 Edwiener    : Nooo hahah, we've been playing here for a while now :)
15:38 Edwiener    : But I hope you'll have fun!
15:38 steeldeadeye: k
15:39 Edwiener    : Heyo!~ Welcome back!
15:39 NeverEaten  : ty
15:41 Edwiener    : Heyo!~
15:45 NeverEaten  :  placed a sign @ world: x938, z-143
  done
15:46 moezes      : u good?
15:47 Edwiener    : F
15:57 Edwiener    : Okay I think i'm finished with the storage room
15:59 Edwiener    : Is it good?
15:59 Edwiener    : Aight.
15:59 Edwiener    : Thanks
15:59 moezes      : ?
16:00 Edwiener    : wb
16:01 Edwiener    : :(
16:08 Edwiener    : F
16:08 NeverEaten  : wtf
16:08 moezes      : ?
16:08 Edwiener    : Yeah, the further you travel, the higher level mobs appear
16:08 moezes      : yep
16:08 moezes      : and this monument is pretty far from spawn
16:09 Edwiener    : Max is LV50 but verzion is considering to make the make the cap even higher
16:09 Edwiener    : whoop typo
16:09 NeverEaten  : i met verzion today
16:09 Edwiener    : Agh, nice
16:10 moezes      : lvl 50 is high enough
16:10 moezes      : they can kidna one shot you with netherite armor
16:10 moezes      : unless verzion adds a new armor
16:10 Edwiener    : I mean, it's not like we travel that much
16:10 moezes      : not yet
16:10 moezes      : i mean i did
16:10 Edwiener    : the fun part would be better loot
16:10 moezes      : i flew 24k blocks to get here
16:11 Edwiener    : why u go to nether?
16:11 moezes      : dry the sponges
16:11 Edwiener    : aghh
16:11 Edwiener    : ok
16:11 moezes      : why u gotta question
16:11 Edwiener    : ...I just wanted to know Dany what the fuck
16:11 Edwiener    : yikes
16:18 Edwiener    : gg
16:21 Edwiener    : I'll be going now! See'ya later!
