04:41 Bl4zeBoy  :  placed a sign @ world: x-1919, z-2526
  Mending
04:41 Bl4zeBoy  :  placed a sign @ world: x-1919, z-2526
  Mending
04:41 Bl4zeBoy  :  placed a sign @ world: x-1921, z-2526
  Sticks
04:41 Bl4zeBoy  :  placed a sign @ world: x-1923, z-2526
  Efficiency
04:41 Bl4zeBoy  :  placed a sign @ world: x-1925, z-2526
  Unbreaking
04:41 Bl4zeBoy  :  placed a sign @ world: x-1927, z-2524
  e
04:41 Bl4zeBoy  :  placed a sign @ world: x-1927, z-2526
  Chicken
04:42 Bl4zeBoy  :  placed a sign @ world: x-1927, z-2527
  Sticks
04:42 Bl4zeBoy  :  placed a sign @ world: x-1927, z-2529
  Sticks
04:42 Bl4zeBoy  :  placed a sign @ world: x-1927, z-2531
  Protection
04:45 Bl4zeBoy  :  placed a sign @ world: x-1927, z-2535
  Clay and Blocks
04:46 Bl4zeBoy  :  placed a sign @ world: x-1927, z-2533
  Silk touch
04:48 Bl4zeBoy  :  placed a sign @ world: x-1912, z-2524
  BELL
04:48 Bl4zeBoy  :  placed a sign @ world: x-1920, z-2535
  Automatic
  Baby-grower
04:48 Bl4zeBoy  :  placed a sign @ world: x-1921, z-2538
  www
05:01 Bl4zeBoy  :  placed a sign @ world: x-1927, z-2533
  Silk Touch
12:01 moezes placed suspicious WATER_BUCKET @ world: x145, z151
12:01 moezes placed suspicious WATER_BUCKET @ world: x144, z152
12:07 moezes    : hey
12:08 vanism    : hey!
12:22 moezes    : aight imma go. i have an idea for a big project so i might be on later to work on it
12:22 vanism    : rite
12:44 vanism    : wb!
12:44 PedanticPorpoise: o/
12:52 PedanticPorpoise: AAAAAAAAAAAA
12:52 vanism          : f
12:52 PedanticPorpoise: pippa has escaped
12:53 vanism          : no it's fine
12:53 PedanticPorpoise: ok good
12:53 vanism          : how do yu know?
12:53 vanism          : were you here?
12:54 PedanticPorpoise: i need to walk past yo house to get to where i died
12:54 PedanticPorpoise: tarrin village
12:54 vanism          : yes ok
12:54 vanism          : with the horse management, I can tp Pippa to me
12:55 vanism          : no need to put the lead on anymore really
12:55 PedanticPorpoise: got my stuff back
12:55 vanism          : wb
12:55 Bl4zeBoy        : eyy
12:55 PedanticPorpoise: oh hi!
12:55 vanism          : you need /back
12:55 Bl4zeBoy        : finally my villagers breed christ
12:55 Bl4zeBoy        : my horse is supervising my villagers
12:55 PedanticPorpoise: ?
12:56 vanism          : :)
12:56 PedanticPorpoise: i already have my stuff
12:56 PedanticPorpoise: i dont need /back
12:56 Bl4zeBoy        : THEY BROKE up
12:56 vanism          : no I mean in general
12:56 Bl4zeBoy        : and then got back
12:56 PedanticPorpoise: ok
12:56 vanism          : no!
12:56 vanism          : ah ok
12:56 vanism          : that's love for ya
12:56 Bl4zeBoy        : its because there weren't any available beds
12:57 Bl4zeBoy        : now there are
12:57 Bl4zeBoy        : EYYY
12:57 Bl4zeBoy        : BABY
12:57 PedanticPorpoise: also can you fix the perms for /crawl etc.?
12:57 Bl4zeBoy        : back to work slaves
12:57 vanism          : ah yes wait
12:57 Bl4zeBoy        : oof
12:57 PedanticPorpoise: yay crawling!
12:57 Bl4zeBoy        : lol i made a baby villager trap
12:57 PedanticPorpoise: where are u?
12:57 Bl4zeBoy        : my vilage
12:57 Bl4zeBoy        : underground
12:58 PedanticPorpoise: idk where that is
12:58 Bl4zeBoy        : i trust you so if you want you can use the vills
12:58 PedanticPorpoise: ok thx!
12:58 Bl4zeBoy        : -1919 ~ -2530
12:59 Bl4zeBoy        : you'll see a name tag: Bronze
12:59 PedanticPorpoise: i dont have coords
12:59 Bl4zeBoy        : oh yeah
12:59 PedanticPorpoise: i said the other day
12:59 Bl4zeBoy        : oof
12:59 Bl4zeBoy        : i have an idea
12:59 Bl4zeBoy        : we meet at spawn and you tell me what you want from them
12:59 PedanticPorpoise: could you lead me from spawn or something?
13:00 PedanticPorpoise: i just want to know where people are
13:00 PedanticPorpoise: PILLAGERS AT TARRIN
13:00 Bl4zeBoy        : finally
13:00 Bl4zeBoy        : thankyou
13:00 PedanticPorpoise: ooh nice
13:01 PedanticPorpoise: im at spawn
13:01 PedanticPorpoise: bit laggy
13:01 Bl4zeBoy        : uhm
13:01 Bl4zeBoy        : xD
13:01 Bl4zeBoy        : wait waat
13:01 PedanticPorpoise: theres snoring
13:01 Bl4zeBoy        : what was that noise
13:02 Bl4zeBoy        : WHAT
13:02 Bl4zeBoy        : how
13:02 PedanticPorpoise: AWEESOME
13:02 PedanticPorpoise: oh
13:03 Bl4zeBoy        : elytra firworks
13:03 PedanticPorpoise: ok
13:03 Bl4zeBoy        : im off to do a quest!
13:03 PedanticPorpoise: ok
13:04 Bl4zeBoy        : hold up let me bring bronze here
13:04 Bl4zeBoy        : whyy cant i tp him
13:04 PedanticPorpoise: H o n s e?
13:05 Bl4zeBoy        : here you arree
13:06 Bl4zeBoy        : ok i got my horse
13:06 Bl4zeBoy        : give me a quest old hag man
13:07 PedanticPorpoise: get of yo honse a sec
13:08 PedanticPorpoise: im drowning
13:08 PedanticPorpoise: look
13:08 PedanticPorpoise: at spawn
13:09 PedanticPorpoise: o just fell over
13:09 PedanticPorpoise: i
13:09 PedanticPorpoise: nice
13:09 PedanticPorpoise: i
13:09 PedanticPorpoise: oh no it wont stop
13:09 Bl4zeBoy        : do you have a base?
13:10 PedanticPorpoise: not right now
13:10 Bl4zeBoy        : i have a cool idea
13:10 Bl4zeBoy        : you could join district 14
13:10 PedanticPorpoise: i sort of do
13:10 PedanticPorpoise: follow me
13:10 PedanticPorpoise: not that way
13:11 PedanticPorpoise: trippy fern
13:11 PedanticPorpoise: all hail trippy fern
13:11 Bl4zeBoy        : verzion used a schematic to get spawn
13:11 Bl4zeBoy        : there had to be bugs
13:11 PedanticPorpoise: all hail t r i p p y f e r n
13:11 Bl4zeBoy        : i kneel before you
13:11 PedanticPorpoise: not that way
13:11 PedanticPorpoise: honse
13:12 PedanticPorpoise: this way
13:12 PedanticPorpoise: follow
13:12 Bl4zeBoy        : yeah i got that
13:12 PedanticPorpoise: to narnia!
13:12 Bl4zeBoy        : narnia
13:12 PedanticPorpoise: planted that two days ago
13:13 PedanticPorpoise: its basically vaisms base
13:13 PedanticPorpoise: w a l l
13:14 PedanticPorpoise: nice
13:14 Bl4zeBoy        : S T O N K S
13:15 Bl4zeBoy        : where is your armor?
13:15 PedanticPorpoise: acrobatics 89
13:15 Bl4zeBoy        : acrobatics 178
13:15 PedanticPorpoise: flip
13:15 Bl4zeBoy        : im on 178
13:15 PedanticPorpoise: literally
13:15 Bl4zeBoy        : i basically roll every time
13:15 PedanticPorpoise: wow
13:15 Bl4zeBoy        : i wear yeezees
13:15 PedanticPorpoise: hehehe
13:16 Bl4zeBoy        : or not
13:16 PedanticPorpoise: lvl 90 now
13:16 Bl4zeBoy        : i wear boots forged from a scrap from hell combined with gold and diamond
13:16 PedanticPorpoise: yes
13:16 Bl4zeBoy        : are we there yet
13:16 PedanticPorpoise: its at a swamp
13:17 PedanticPorpoise: might be lost
13:17 PedanticPorpoise: cool
13:17 Bl4zeBoy        : mining 353
13:18 PedanticPorpoise: OH NO
13:18 PedanticPorpoise: put my stuff in a chest pls
13:18 Bl4zeBoy        : ok
13:19 Bl4zeBoy        : you need to do /unlockdrops
13:19 Bl4zeBoy        : or i cant pick them up
13:19 PedanticPorpoise: done
13:19 Bl4zeBoy        : wait
13:19 PedanticPorpoise: i wish there was tpa
13:19 Bl4zeBoy        : this banner
13:19 PedanticPorpoise: yee?
13:19 Bl4zeBoy        : where did you get this
13:20 PedanticPorpoise: i made it
13:20 PedanticPorpoise: why?w
13:20 Bl4zeBoy        : is it a secret organization?
13:20 PedanticPorpoise: no
13:20 PedanticPorpoise: just a banner
13:20 Bl4zeBoy        : ok
13:21 Bl4zeBoy        : by the way do you want to join district 14? it has a cool 3x3 redstone keycard reader door
13:21 PedanticPorpoise: i will
13:21 Bl4zeBoy        : awesome
13:21 PedanticPorpoise: can players tp to each other?
13:21 Bl4zeBoy        : have you set your home?
13:21 Bl4zeBoy        : no sadly
13:21 PedanticPorpoise: i have set my home yes
13:21 Bl4zeBoy        : how many?
13:21 PedanticPorpoise: one
13:21 Bl4zeBoy        : cool
13:22 Bl4zeBoy        : at district 14 you'll be able to set a second one
13:22 PedanticPorpoise: niceeeee
13:22 Bl4zeBoy        : so you dont have to walk all the way
13:22 Bl4zeBoy        : are you coming back?
13:22 PedanticPorpoise: ok im lost
13:22 PedanticPorpoise: not any time soon
13:22 Bl4zeBoy        : how can i helP?
13:23 PedanticPorpoise: asking verzion to tp me to you i guess?
13:23 Bl4zeBoy        : he doesnt do that
13:23 PedanticPorpoise: ik
13:23 Bl4zeBoy        : hard working dookers like us dont need tp
13:23 PedanticPorpoise: im going onto my realm now
13:23 Bl4zeBoy        : oh ok
13:23 Bl4zeBoy        : creative?
13:23 PedanticPorpoise: need to do some admin stoof
13:24 Bl4zeBoy        : is it public?
13:24 PedanticPorpoise: can you twll me the coords of my stuff?
13:24 PedanticPorpoise: its not public
13:24 Bl4zeBoy        : i thought you dont have coords?
13:24 Bl4zeBoy        : -764 78 -54
13:24 PedanticPorpoise: no so someone with coords can help me get there in the future
13:24 PedanticPorpoise: oh thx
13:25 Bl4zeBoy        : what if someone steals?
13:25 PedanticPorpoise: its in the middle of nowhere
13:26 Bl4zeBoy        : k
13:26 PedanticPorpoise: ok gtg now
13:34 Bl4zeBoy        : wb
13:34 PedanticPorpoise: 0 p i n g
13:35 PedanticPorpoise: yeeees
13:35 PedanticPorpoise: ok 7 ping
13:35 PedanticPorpoise: still yeeeeees
13:58 Bl4zeBoy        : -1065 63 -1161
14:00 Bl4zeBoy        : -1078 24 -1219
14:10 Bl4zeBoy        : thankyou so much verzion
14:10 Bl4zeBoy        : :D
14:13 Bl4zeBoy        : why do drowned not spawn when i need them >:(
14:35 Bl4zeBoy        :  placed a sign @ world: x-1912, z-2522
  OR NOT
15:15 Blaz3girl       : hi
15:21 Blaz3girl       : hi"
15:21 moezes          : hey
15:23 Blaz3girl       : do you by any chance know where an xp farm is?
15:23 moezes          : theres one in the end
15:24 Blaz3girl       : but like where is the stonghold ive been looking for it ever since ive known about it
15:24 moezes          : just use pearls to find it
15:24 Blaz3girl       : oh yeah why didnt i think about it
15:25 Blaz3girl       : XD thanks and sorry for disturbing you
15:30 moezes          : elo
15:30 Bl4zeBoy        : hi
15:30 Blaz3girl       : wb
15:36 Bl4zeBoy        : cookie giveaway at /spawn
15:36 Blaz3girl       : im there
15:37 moezes          : i have been lfying for so long
15:37 Bl4zeBoy        : ?
15:37 moezes          : need to get to a monument thats 26k blocks away
15:37 moezes          : and set nether portal
15:37 moezes          : only flown 9k blocks
15:38 Bl4zeBoy        : ooh wow
15:38 Blaz3girl       : what
15:38 moezes          : i legit just fly up tp like y 200 and alt tab
15:38 Blaz3girl       : /msg Bl4zeBoy could you help me get some blazes if not then dont worry 
15:39 moezes          : only 14k more to fly :')
15:39 Blaz3girl       : /w Bl4zeBoy could you help me get some blazes if not then dont worry 
15:41 moezes          : brb
15:41 Blaz3girl       : im going enyway
15:41 Blaz3girl       : bl4ze got a server now and im going in it
15:41 moezes          : aight
15:41 Blaz3girl       : bye
15:42 Blaz3girl       : i dunno the ip but he will tell me if he can
15:42 Blaz3girl       : oh and also im selling iron for blaze powder
16:03 moezes          :  placed a sign @ world: x207, z169
  monument
16:28 Blaz3girl       : hi again
16:44 Blaz3girl       : i got some ancient debree
16:44 moezes          : noice
16:44 Bl4zeBoy        : !
16:51 Blaz3girl       : YUSSSSSSSSSSSS
16:53 Blaz3girl       : i got full netherite enchanted
16:53 moezes          : welcome to the club
16:53 Blaz3girl       : and also an axe and pickaxe
16:53 moezes          : well im already full netherite
16:53 Blaz3girl       : and i got a load of spare
16:54 moezes          : i have 5 spare
16:54 Blaz3girl       : i got 25 spare
16:54 moezes          : would have had more but i live with my friend
16:54 moezes          : we both have full gear
16:55 Blaz3girl       : ooh if you want i could like sorta well ya know
16:55 Blaz3girl       : i did almost die for it
16:55 Blaz3girl       : 25 scrap
16:55 moezes          : ah 25 scrap
16:56 moezes          : i have a scrap and 5 ingots
16:56 Blaz3girl       : oh so you tecnically have 9 scrap left
16:56 Blaz3girl       : i got 25 scrap and 2 ingots
16:56 moezes          : uh so. 1 ingot is 4 scraps. i have 5 ingots so 20 scraps. plus the one scrap i have so 21 scraps
16:57 Blaz3girl       : wo almost as mutch as me
16:57 moezes          : would have had waaaay more but i play with someone else
16:57 Blaz3girl       : do you use an axe or a sword of netherite
16:57 Blaz3girl       : r both
16:57 Blaz3girl       : or both sorry
16:58 moezes          : sword. axes arent meant for fighting so it breaks down faster. even though i have netherite axe i still use the sword
16:58 moezes          : plus more enchants can be put on the sword
16:58 moezes          : looting, sweeping edge, fire aspect
16:58 Blaz3girl       : ooh i dont because i need a level 30 enchant for a sharp 3
16:59 moezes          : max sharp is 5 btw
16:59 Blaz3girl       : so ill get 30 levels then get sharp 3
16:59 Blaz3girl       : i know im an enchanter
16:59 Blaz3girl       : like all my minecraft life ive been the one to enchant stuff
17:00 Blaz3girl       : sorry i gotta go
17:00 Blaz3girl       : be
17:00 Blaz3girl       : bye
17:08 moezes          : hey
17:09 Edwiener        : Heyo!~
17:09 Edwiener        : owo
17:09 Edwiener        : me laggy
17:09 moezes          : i traded
17:10 moezes          : got like 2 stacks emeralds
17:10 Edwiener        : o damn
17:10 moezes          : ye
17:10 Edwiener        : me lag ; - ;
17:10 moezes          : and sold 11 stacks of gp for 8.4k
17:10 moezes          : and i made the monument portal
17:11 Edwiener        : oh lol
17:11 Edwiener        : just realized
17:11 Edwiener        : we can also flow up w a trident
17:11 moezes          : oh
17:12 moezes          : i just wanna afk for like an hour
17:12 moezes          : but cant
17:12 Edwiener        : why
17:12 Edwiener        : oh right
17:12 Edwiener        : lmao
17:13 moezes          : damn ur ping is high
17:14 Edwiener        : it's impossible to pla
17:15 Edwiener        : REEEEEEEE
17:17 moezes          : okay
17:17 moezes          : bye
17:17 Edwiener        : bb
17:33 moezes          : hey
17:34 vanism          : hey moezes
17:34 vanism          : f
17:34 moezes          : ah forgot my armor was off
17:35 moezes          : anyways imma afk until i get kicked
17:35 moezes          : see ya
17:35 vanism          : ok
17:50 moezes          : some plants dont seem to be growing
17:52 vanism          : which ones?
17:52 moezes          : sweet berries
17:53 moezes          : lagged out oof
17:57 moezes          : did you disabled any redstone things
17:57 vanism          : no
17:57 moezes          : hmm
17:57 moezes          : okay
17:57 vanism          : don't think so
18:04 Bl4zeBoy        : hallo
18:08 moezes          : uh vanism, you didnt make any changes recently right?
18:08 moezes          : regarding villagers and iron golems?
18:09 vanism          : no
18:09 moezes          : hmm
18:09 moezes          : think i might know what the issue is
18:09 moezes          : nvm
18:13 moezes          : okay some weird shit is happing
18:13 moezes          : farms stopped working, a redstone stopped and i hear a cat in my house but i cant SEE it anywhere
18:14 vanism          : hmm hard to tell.
18:14 moezes          : I CANT FIND THIS CAT AND ITS DRIVING ME NUTS
18:15 vanism          : 1sec
18:15 moezes          : u in spec?
18:16 moezes          : the fuck? a cat was inside a chest
18:16 verzion         : what?
18:16 verzion         : that even possible?
18:16 moezes          : thats why i couldnt find it
18:17 moezes          : it somehow went through the chest
18:19 moezes          : oh btw that cat ran out of the chest and now its.. gone?
18:19 moezes          : sorcery
18:22 moezes          : yeah some things broke out of nowhere. imma just come back later
18:22 moezes          : see ya
18:27 Bl4zeBoy        : hi verzion
18:28 verzion         : welcome!
18:52 verzion         :  placed a sign @ world: x-1180, z3
  Welcome to
  Krin
21:44 Edwiener        : 222 / 226
21:45 Edwiener        : 166 / 123
21:46 Edwiener        : 137 / 180
21:46 Edwiener        : 182*
21:46 Edwiener        : 137 / 144
22:03 Edwiener        : 130/112
22:04 Edwiener        : 223/112
22:06 Edwiener        : 223/227
22:07 Edwiener        : 130/227
22:14 Edwiener        : gn
22:14 Edwiener        : gm
22:14 moezes          : cringe
22:24 moezes placed suspicious WATER_BUCKET @ world: x144, z151
22:24 moezes placed suspicious WATER_BUCKET @ world: x142, z151
22:25 moezes placed suspicious WATER_BUCKET @ world: x142, z151
22:25 moezes placed suspicious WATER_BUCKET @ world: x145, z150
22:25 moezes placed suspicious WATER_BUCKET @ world: x145, z151
22:25 moezes placed suspicious WATER_BUCKET @ world: x145, z151
22:25 moezes placed suspicious WATER_BUCKET @ world: x144, z151
22:25 Edwiener placed suspicious WATER_BUCKET @ world: x144, z151
22:25 moezes placed suspicious WATER_BUCKET @ world: x142, z150
22:26 Edwiener placed suspicious WATER_BUCKET @ world: x144, z151
22:26 moezes placed suspicious WATER_BUCKET @ world: x145, z151
22:26 moezes placed suspicious WATER_BUCKET @ world: x144, z151
22:27 Edwiener        : Heyo!~
22:27 verzion         : heyoo
23:01 moezes          : hey verzion
23:01 verzion         : hey m
23:01 moezes          : i found a monument about 24k blocks fromy m y base. now i flew to a desert nearby
23:01 moezes          : and guess what
23:01 moezes          : I FOUND 4
23:02 verzion         : monument?
23:02 moezes          : 2 of them are like a few hundred blocks away
23:02 moezes          : yep
23:02 moezes          : took screenshots of them all
23:02 moezes          : lmaoo
23:02 moezes          : and all of them are just a few thousand blocks away from my base
23:02 Edwiener        : The Monument district
23:02 verzion         : hehe
23:02 Edwiener        : Also
23:03 Edwiener        : we counted how many claim blocks we need for one big claim...
23:03 Edwiener        : around 10k ; - ;
23:03 Edwiener        : it's gonna be fun
23:03 moezes          : yeah thats all for our base
23:03 Edwiener        : (for our base, I mean)
23:03 verzion         : so these are underwater monuments?
23:03 Edwiener        : ye
23:03 moezes          : yep
23:03 verzion         : man crazy.
23:03 moezes          : there are no above ground monuments
23:03 verzion         : 10k lol
23:04 Edwiener        : i mean...
23:04 verzion         : it's $640.000
23:04 Edwiener        : or...
23:04 Edwiener        : 16 GBP :)))
23:05 verzion         : yes. not so much then
23:05 verzion         : you going large scale ownership?
23:05 moezes          : yeah
23:05 moezes          : we have like multiple claims in our home
23:06 Edwiener        : It's much easier to have one big claim
23:06 moezes          : so we want to just have one big claim
23:06 verzion         : yeah true
23:07 moezes          : verzion
23:07 moezes          : can we use the nether roof?
23:08 verzion         : somebody already started something there.
23:08 moezes          : oh really?
23:08 Edwiener        : Oh?
23:08 moezes          : so its allowed?
23:08 verzion         : yeah a while back
23:08 moezes          : pog
23:08 verzion         : guess so.
23:08 verzion         : wasn't too keen on it, but what the hell
23:08 Edwiener        : I suppose it's the place with the beacon near all the portals
23:09 moezes          : makes sense cause how else would beacon work
23:09 Edwiener        : ye
23:10 moezes          : verzion why do i get kicked with the message Speeding Up Operations
23:11 verzion         : false positives. I'm not sure
23:11 verzion         : what were you doing?
23:11 moezes          : i was mass moving items from inventory to shulker box
23:11 verzion         : shift click?
23:12 moezes          : kinda. its when you hold an item, click the same item in ur inv and it moves all of that item
23:12 moezes          : u hold shift while holding the item and click the same item a few time
23:12 moezes          : times
23:12 verzion         : yeah, thinks you're cheating somehow.
23:12 moezes          : oof
23:13 moezes          : im not i swear :(
23:13 verzion         : don't know how to fine tune these anti-hacking things
23:13 Edwiener        : oh damn
23:13 verzion         : I'll update the plugin, see if it improves.
23:14 moezes          : oaky
23:14 moezes          : okay
23:27 Edwiener        : F
23:28 Edwiener        : I got scared of a bat
23:28 verzion         : :)
23:28 verzion         : a bee scared the shit out of me once
23:28 Edwiener        : hahah
23:47 Edwiener        : I'll be leaving now too, Bbye!~ :)
