17:34 Edwiener  : 186
17:58 Edwiener  : Heyo!~
17:58 Blaz3girl : hi
18:25 Edwiener  : 239 664
18:26 Edwiener  : -841
19:07 verzion   : hey Ed
19:08 Edwiener  : Heyo!~
19:25 verzion   :  placed a sign @ world: x-239, z65
  Welcome
  to
  Dook Survival
19:28 verzion   :  placed a sign @ world: x-239, z65
  Welcome to
  Dook Survival
  Useful commands:
19:29 verzion   :  placed a sign @ world: x-240, z65
  /rtp - random
  teleportation
  /sethome
19:30 verzion   :  placed a sign @ world: x-240, z65
  /rtp
  /sethome
  /home
19:30 verzion   :  placed a sign @ world: x-240, z65
  /rtp
  /sethome <name>
  /home <name>
  /delhome <name>
19:31 verzion   :  placed a sign @ world: x-239, z65
  /shop
  /discord
  /store
  /help
19:31 verzion   :  placed a sign @ world: x-238, z65
  /jobs browse
  /jobs join
19:36 verzion   :  placed a sign @ world: x-238, z65
  /jobs browse
  /jobs join <job>
  /jobs quests
19:37 verzion   :  placed a sign @ world: x-240, z65
  /
19:37 verzion   :  placed a sign @ world: x-240, z65
  /
19:39 verzion   :  placed a sign @ world: x-240, z65
  /quests list
  /quests journal
  /quests stats
19:41 verzion   :  placed a sign @ world: x-239, z65
  /claim
  /claimslist
  /trust <player>
19:47 Edwiener  : Hey, not sure if you've seen the message i sent on discord
19:47 verzion   : yes I saw it
19:47 verzion   : I think I may have a solution
19:48 Edwiener  : but it's definitely a killaura bot that checks whether the players are hacking
19:48 verzion   : the anti-hack plugin offer to hide the bot.
19:48 Edwiener  : Agh
19:48 verzion   : I'm gonna enable that
19:49 Edwiener  : Oh, okay!
19:53 verzion   :  placed a sign @ world: x-238, z65
  /mcstats
  /mcrank
  /mcinfo <subskill>
19:55 verzion   :  placed a sign @ world: x-239, z65
  /claim
  /claimslist
  /trust <player>
20:01 verzion   :  placed a sign @ world: x-240, z65
  Work hard
  and reap
  well-earned
  rewards
20:02 verzion   :  placed a sign @ world: x-238, z65
  Take care
  of this world
  with us.
  No littering.
21:59 Edwiener  : wb!
21:59 vanism    : ty
22:00 vanism    : raining both in Dook and London
22:00 Edwiener  : Oh!
22:00 Edwiener  : Heyo!~
22:00 vanism    : hey!
22:04 vanism    : anyone got a portalstone yet?
22:04 Edwiener  : hahah yet :')
22:05 vanism    : finally got one yesterday. after days of mining redstone
22:06 vanism    : if you do, suggest you do the Portalstone quest
22:06 vanism    : pays realz good
22:18 Edwiener  : GG
22:18 vanism    : gg!
22:44 Edwiener  : Heyo!~
22:47 vanism    : welcome Bod
23:47 Edwiener  : Dany?
