08:51 Bl4zeBoy  : hallo
08:51 _Itz_Brett_: Sup
08:52 _Itz_Brett_: Not opped huh?
08:52 Bl4zeBoy   : hi :D
08:52 _Itz_Brett_: Did you just tp to me?
08:52 Bl4zeBoy   : no seriously
08:52 Bl4zeBoy   : this is spawn
08:52 _Itz_Brett_: o
08:52 Bl4zeBoy   : nope
08:52 Bl4zeBoy   : i did /spawn
08:52 _Itz_Brett_: like my new skin?
08:52 Bl4zeBoy   : yeah!
08:52 _Itz_Brett_: Hand made
08:52 Bl4zeBoy   : coool!
08:52 Bl4zeBoy   : so the way to get to my base.... hmmm
08:53 Bl4zeBoy   : do you know how to use coords?
08:53 _Itz_Brett_: nope ;-;
08:53 Bl4zeBoy   : go on the 10th row of f3
08:53 Bl4zeBoy   : and it will say block:
08:53 Bl4zeBoy   : and then some numbers
08:53 _Itz_Brett_: ok
08:54 Bl4zeBoy   : you need to get to -472 63 -1465
08:54 _Itz_Brett_: Okay
08:55 _Itz_Brett_: AAAAAAAAAAAAAAAAAA
08:55 _Itz_Brett_: ;~;
08:56 Bl4zeBoy   : my 3x3 piston door is nearly complete!
08:56 _Itz_Brett_: Im lost ;~;
08:56 Bl4zeBoy   : oh, just try going to those coords
08:56 _Itz_Brett_: i cannot use cords ;~;
08:56 _Itz_Brett_: can you just-
08:56 _Itz_Brett_: come to spawn and let me follow you to base? ;~:
08:57 Bl4zeBoy   : ok
08:57 Bl4zeBoy   : do /spawn
08:57 Bl4zeBoy   : oh hi :D
08:57 _Itz_Brett_: lol hi
08:57 Bl4zeBoy   : -472 63 -1465
08:58 _Itz_Brett_: ow-
08:58 Bl4zeBoy   : eat chicken
08:58 _Itz_Brett_: ty ;w;
08:58 Bl4zeBoy   : feel good
08:58 _Itz_Brett_: Lmao
09:21 Bl4zeBoy   :  placed a sign @ world: x-451, z-1570
  Insert Keycard
10:20 Bl4zeBoy   :  placed a sign @ world: x-461, z-1616
  DO NOT ENTER
  RISTRICTED
  AREA
10:21 Bl4zeBoy   :  placed a sign @ world: x-450, z-1562
  District 14
  The Free District
10:21 Bl4zeBoy   :  placed a sign @ world: x-450, z-1582
  MEETING ROOM
  <--------------
11:23 Bl4zeBoy   :  placed a sign @ world: x-456, z-1579
  Redstone Room
  DO NOT ENTER
11:26 Bl4zeBoy   :  placed a sign @ world: x-462, z-1579
  Trading room
  Only for Trading
11:29 Bl4zeBoy   :  placed a sign @ world: x-458, z-1581
  Kitchen
11:31 Bl4zeBoy   :  placed a sign @ world: x-458, z-1581
  President's
  Office
11:33 Bl4zeBoy   :  placed a sign @ world: x-458, z-1581
  Food Storage
  DO NOT ENTER
11:42 Bl4zeBoy   :  placed a sign @ world: x-466, z-1581
  Bl4zeBoy's
  Office
11:54 Bl4zeBoy   :  placed a sign @ world: x-470, z-1579
  Utilities Room
12:02 Bl4zeBoy   :  placed a sign @ world: x-450, z-1605
  Rules of District
  14
12:08 Bl4zeBoy   :  placed a sign @ world: x-472, z-1581
  Enchanting
  Room
  W.I.P
12:09 Bl4zeBoy   :  placed a sign @ world: x-449, z-1580
  Player Wing
  Ask Bl4zeBoy
  Before Building
  Or get punished
12:11 Bl4zeBoy   :  placed a sign @ world: x-470, z-1579
  Chest room
  Please respect
  the organization
  of each chest
12:12 Bl4zeBoy   :  placed a sign @ world: x-454, z-1617
  President
  Bl4zeBoy
12:13 Bl4zeBoy   :  placed a sign @ world: x-453, z-1576
  Please keep the
  door shut
13:11 Bl4zeBoy placed suspicious WATER_BUCKET @ world: x-474, z-1463
13:11 Bl4zeBoy placed suspicious WATER_BUCKET @ world: x-473, z-1463
13:11 Bl4zeBoy placed suspicious WATER_BUCKET @ world: x-472, z-1463
13:11 Bl4zeBoy placed suspicious WATER_BUCKET @ world: x-471, z-1464
13:11 Bl4zeBoy placed suspicious WATER_BUCKET @ world: x-471, z-1463
13:11 Bl4zeBoy placed suspicious WATER_BUCKET @ world: x-469, z-1463
13:11 Bl4zeBoy placed suspicious WATER_BUCKET @ world: x-469, z-1462
13:27 Bl4zeBoy   :  placed a sign @ world: x-458, z-1581
  Guard Room
  DO NOT ENTER IF
  YOU'RE NOT A
  GUARD
16:16 PedanticPorpoise: o/
16:16 STra1z          : hey
16:16 PedanticPorpoise: i hope we get to kill eachther
16:16 PedanticPorpoise: not personally just everyone
16:20 STra1z          : oof
16:20 PedanticPorpoise: aaaaagghhh
16:20 PedanticPorpoise: its fine im good died next to my base
16:24 PedanticPorpoise: can you come to spawn?
16:25 STra1z          : what
16:25 PedanticPorpoise: i left my notes at home
16:25 PedanticPorpoise: one sec
16:26 STra1z          : so...
16:27 PedanticPorpoise: I'm starting a town/village
16:27 PedanticPorpoise: a place for multiple players to build
16:27 STra1z          : where
16:27 PedanticPorpoise: no idea
16:27 PedanticPorpoise: i didnt think i'd get this far
16:28 STra1z          : and?
16:28 PedanticPorpoise: idk
16:28 STra1z          : why am i here
16:28 STra1z          : you need help?
16:28 PedanticPorpoise: yes
16:29 STra1z          : sure but what
16:29 PedanticPorpoise: what what
16:29 STra1z          : what help
16:30 PedanticPorpoise: i didnt think this far ahead
16:30 STra1z          : haha
16:34 PedanticPorpoise: 0/
16:34 vanism          : 0/
16:35 PedanticPorpoise: so. zone was xraying?
16:35 vanism          : hm?
16:35 PedanticPorpoise: the mine
16:36 vanism          : they were?
16:36 PedanticPorpoise: did you not see the discord message on the server?
16:38 vanism          : dist rabbit is zone. they're talking about someone else
16:38 PedanticPorpoise: oh
16:41 PedanticPorpoise: who was x-raying?
16:41 verzion         : noclue
16:42 PedanticPorpoise: hm
16:43 PedanticPorpoise: ok so disturbed rabbit is zone
16:44 verzion         : yes
16:49 PedanticPorpoise: OH NO
16:53 PedanticPorpoise: i had so much stuff
16:53 PedanticPorpoise: its all gone
16:54 verzion         : what happened?
16:54 PedanticPorpoise: i fell from a high place
16:54 verzion         : you were far away?
16:54 PedanticPorpoise: i was near the soundless swamp
16:55 PedanticPorpoise: other side to spawn
16:55 verzion         : ok, you can't get back there?
16:55 PedanticPorpoise: no
16:55 PedanticPorpoise: well i can but i couldnt find my stuff
16:56 PedanticPorpoise: icant even sprint
16:57 PedanticPorpoise: welp. goodbye full diamond gear
16:58 verzion         : dangers of minecraft...
16:58 PedanticPorpoise: ydbfjdhvgrhisujonbhdgsyhujnehfgduyh
17:00 PedanticPorpoise: i had a banner i spent ages on
17:00 verzion         : oh man. not fun.
17:19 PedanticPorpoise: hey
17:19 Bl4zeBoy        : hallo!
17:19 verzion         : hey!
17:19 Bl4zeBoy        : verzion are you working on wood in the shop?
17:20 verzion         : no not yet. I'll do it now.
17:20 Bl4zeBoy        : k, don't stress though#
17:20 verzion         : ok thanks :)
17:20 Bl4zeBoy        : verzion do you know the hunger games?
17:20 verzion         : yep a bit
17:21 Bl4zeBoy        : verzion, do you know the hunger games?
17:21 PedanticPorpoise: Kill!
17:21 Bl4zeBoy        : xD more or less
17:21 Bl4zeBoy        : bc i made district 14, but it's a free district
17:21 verzion         : ah ok
17:21 PedanticPorpoise: where?
17:22 Bl4zeBoy        : near my base
17:22 PedanticPorpoise: again, where?
17:22 PedanticPorpoise: oh yeah north-west
17:22 Bl4zeBoy        : so you know Zone's base?
17:22 PedanticPorpoise: no
17:38 PedanticPorpoise: welcome back
20:07 PedanticPorpoise: didmt realise you were online. o/
20:07 verzion         : snuck in
20:07 PedanticPorpoise: i relogged
21:11 verzion         :  placed a sign @ world: x-252, z144
  South Road
  --->
21:14 verzion         :  placed a sign @ world: x-256, z40
  North Road
  --->
22:52 verzion         : f
22:59 PedanticPorpoise: o/
22:59 STra1z          : heya
23:02 PedanticPorpoise: i made banners for the villlage
23:02 STra1z          : did you find a spot at least
23:02 PedanticPorpoise: not yet
23:05 PedanticPorpoise: i want to know where everyone's bases are. i want to give people gifts.
23:06 PedanticPorpoise: may i be pointed in the general direction of peoples accomodations?
23:06 STra1z          : -1970 332
23:06 STra1z          : mine
23:06 PedanticPorpoise: i dont have f3 im on a mac
23:07 PedanticPorpoise: is spawn 0 0?
23:07 STra1z          : dunno
23:08 PedanticPorpoise: hold on, do you live near zones base?
23:08 STra1z          : nope
23:08 STra1z          : but i know where is it
23:08 PedanticPorpoise: oh
23:08 PedanticPorpoise: do you know wich direction you are from spawn?
23:09 STra1z          : i think so
23:09 PedanticPorpoise: i can use the wayfinding tower to point me in the right direction
23:09 PedanticPorpoise: which way are you?
23:10 STra1z          : i dunno man
23:10 PedanticPorpoise: hmmmm
23:10 PedanticPorpoise: do you know which way spawn is from you?
23:10 PedanticPorpoise: or do you just tp
23:10 STra1z          : come to spawn i will lead you
23:11 PedanticPorpoise: ok
23:11 STra1z          : you have wings?
23:11 PedanticPorpoise: no
23:11 STra1z          : oof
23:12 PedanticPorpoise: i started yesterday come on
23:12 STra1z          : i guess we'll have to walk
23:12 PedanticPorpoise: oOf
23:18 PedanticPorpoise: SWAMPS EVERYWHERE
23:18 STra1z          : ikr
23:19 PedanticPorpoise: imma make shreks house sometime
23:21 PedanticPorpoise: lagggg
23:23 STra1z          : here
23:23 PedanticPorpoise: ooooo
23:24 PedanticPorpoise: nice place
23:24 STra1z          : ty
23:24 STra1z          : i was planning to make a mine
23:25 PedanticPorpoise: i might put the village near-ish to here
23:25 STra1z          : cool
23:25 PedanticPorpoise: ???
23:26 STra1z          : what
23:26 PedanticPorpoise: idk
23:27 STra1z          : wheres your place
23:27 PedanticPorpoise: next to verzion
23:27 PedanticPorpoise: oop
23:27 STra1z          : damn
23:30 PedanticPorpoise: you got a portalstone?
23:30 STra1z          : nope
23:30 PedanticPorpoise: hmmmm
23:32 verzion         :  placed a sign @ world: x-286, z94
  West Road
  --->
