11:18 steeldeadeye: /t home 
11:18 steeldeadeye: /t spawn 
16:08 verzion   :  placed a sign @ world: x-240, z65
  Get quests from
  Ricket the
  Questgiver
  /quest
16:09 verzion   : hey
16:09 verzion   : hey
17:00 Bl4zeBoy  : WHAT does the new rumor mean
17:00 verzion   : hmm. that's for you to figure out
17:01 Bl4zeBoy  : by the way did you like my bridge?
17:01 verzion   : yes I did. very nice
17:01 Bl4zeBoy  : im riding my horse toward it
17:02 Bl4zeBoy  : oof nighttime
17:48 Bl4zeBoy  : verzion!
17:48 Bl4zeBoy  : hi
17:48 verzion   : hey!
17:48 Bl4zeBoy  : hey want to see my villager tort- uhhh... friendly place?
17:49 verzion   : just a little bit busy now sorry. in the middle of something.
17:49 Bl4zeBoy  : no prrob
22:14 verzion   : wb
22:14 moezes    : hey
