15:58 Bl4zeBoy  : Edwiener
15:58 Edwiener  : Heyo!~
15:59 Bl4zeBoy  : hello
18:17 Edwiener  : Heyo!~
18:17 Edwiener  : Welcome back!
18:17 Bl4zeBoy  : Edwiener
18:17 Edwiener  : Hello!
18:17 Bl4zeBoy  : i like your enderman farm
18:17 Edwiener  : Thanks!
18:18 Bl4zeBoy  : im going to head there now
19:47 Edwiener  : *leaves for comedic effect*
19:53 Edwiener  : *leaves for comedic effect*
19:53 moezes    : just realised i said id go back to bed but i just slept in mc
19:54 Edwiener  : come back
19:57 Edwiener  : come back.
19:57 moezes    : yes daddy
20:00 Edwiener  : do you remember
20:00 Edwiener  : if we have
20:34 moezes    : wb
20:34 Edwiener  : ty!~
20:40 Edwiener  : is he saying villains or village
20:40 moezes    : village
20:40 Edwiener  : oh ok
20:40 moezes    : song is legit called the village
20:41 moezes    : yes yes i know another lgbt song
20:41 moezes    : hush
20:41 Edwiener  : how do you recognize whether the song is lgbt or not
20:41 moezes    : ....
20:41 moezes    : do you not
20:41 moezes    : listen to the song
20:41 moezes    : to the words
20:41 Edwiener  : no lmfaoooooo
20:41 moezes    : this song specifically is about a FtM trans person
20:42 moezes    : but still very good message, song and voice
20:42 Edwiener  : I'm like:
20:42 moezes    : his high pitch is amazing
20:42 Edwiener  : song go ♫♫♫♫
20:42 moezes    : lmao
20:42 Edwiener  : iz because i usually listen to lo-fi & they don't usually have too many words
20:45 moezes    : imma put the bot on high volume so i wont hear u
20:45 moezes    : this next song is amazing
20:45 Edwiener  : ok
20:46 moezes    : yay. i made the sand walls
20:46 moezes    : now to..
20:46 moezes    : empty all the fucking water
20:46 Edwiener  : lmao
20:46 moezes    : imma go to the other temples things to get more sponge
20:46 Edwiener  : sure
20:46 moezes    : sponges are mined with what
20:47 Edwiener  : with anything
20:47 Edwiener  : they don't have a specific tool
20:47 moezes    : ah
20:47 moezes    : ty
20:50 Edwiener  : im gonna cry so bad............................................................................................................
20:52 Edwiener  : nvm all good
20:53 Edwiener  : .. yeah :^)
20:54 moezes    : i cant find any sponge rooms
20:54 Edwiener  : they're hard to find
20:56 moezes    : YES
21:51 moezes    : brb
22:53 Edwiener  : Dany you're a first o.o
22:53 Edwiener  : I'm finishing up w Zombie pigmen farm
22:53 moezes    : kk
23:00 Edwiener  : wb
23:30 moezes    : why u ask
23:31 Edwiener  : I made a portal to the nether roof near farm
23:31 moezes    : oki
23:31 Edwiener  : can you come?
23:31 moezes    : sure
23:35 Edwiener  : I literally forgot u were invisible
23:35 moezes    : lmao
23:36 Edwiener  : where r u
